[MFLOG|0|2022-10-21T23:07:30.172308Z|runtime|fc81dab8-9b8c-44a8-88a5-96500419d665]The command is: 
[MFLOG|0|2022-10-21T23:07:30.172661Z|runtime|edcc5689-c3be-46e3-b882-f4c10c1e0bb5] 
[MFLOG|0|2022-10-21T23:07:30.172844Z|runtime|ce2b7690-9ad8-47e7-9407-e0e895974064]        docker run         --rm         --name cmssw-19980         --mount type=bind,source=/home/abd/Desktop/Work/Metaflow/CMS-Analysis,target=/home/abd/Desktop/Work/Metaflow/CMS-Analysis         cmsopendata/cmssw_7_6_7-slc6_amd64_gcc493         bash /home/abd/Desktop/Work/Metaflow/CMS-Analysis/shell-scripts/Bash/runpoet-bash.sh /home/abd/Desktop/Work/Metaflow/CMS-Analysis/vol 2 19980 1 &&         docker stop cmssw-19980 &&         docker rm cmssw-19980
[MFLOG|0|2022-10-21T23:07:30.173029Z|runtime|4a0e7c48-e0df-432d-8df7-15ddec915ddd]        
[MFLOG|0|2022-10-21T23:07:30.173187Z|runtime|2e6841a5-428d-44e8-b6fc-598900ef760b]The output is: 
[MFLOG|0|2022-10-21T23:07:30.173348Z|runtime|85622705-0e5e-4419-8dfc-b5db89daacb5] Setting up CMSSW_7_6_7
[MFLOG|0|2022-10-21T23:07:30.173920Z|runtime|c94a78f6-e0ce-4104-8a86-7be4a660e575]CMSSW should now be available.
[MFLOG|0|2022-10-21T23:07:30.174558Z|runtime|71af44d4-cdda-4b54-8d1b-06cb41703907]This is a standalone image for CMSSW_7_6_7 slc6_amd64_gcc493.
[MFLOG|0|2022-10-21T23:07:30.175907Z|runtime|dd536b06-920e-4f06-888b-b51b96f4ea52]inside script file
[MFLOG|0|2022-10-21T23:07:30.176152Z|runtime|48bb8cb6-7951-4772-8021-04cf3df0b30d]Setting up CMSSW_7_6_7
[MFLOG|0|2022-10-21T23:07:30.176341Z|runtime|9e6da5f6-7460-48ec-be92-ebc679d1e684]CMSSW should now be available.
[MFLOG|0|2022-10-21T23:07:30.182566Z|runtime|37294969-9443-42d3-982a-e23c308109fd]This is a standalone image for CMSSW_7_6_7 slc6_amd64_gcc493.
[MFLOG|0|2022-10-21T23:07:30.182789Z|runtime|81fe139e-c17a-496c-b338-a2c8d429cc0c]>> Local Products Rules ..... started
[MFLOG|0|2022-10-21T23:07:30.182946Z|runtime|596d8282-8750-40be-9000-edb61b827b32]>> Local Products Rules ..... done
[MFLOG|0|2022-10-21T23:07:30.183096Z|runtime|58c0b4be-3b2c-4c18-b0a1-b2b0dbe399e5]>> Entering Package PhysObjectExtractorTool/PhysObjectExtractor
[MFLOG|0|2022-10-21T23:07:30.183265Z|runtime|6879b7af-7720-440b-9b78-8c5ba6954d09]------- copying files from src/PhysObjectExtractorTool/PhysObjectExtractor/scripts -------
[MFLOG|0|2022-10-21T23:07:30.183421Z|runtime|299642fa-ec50-481b-9b6e-4ebae79ff03c]>> copied merge_trees.py
[MFLOG|0|2022-10-21T23:07:30.183596Z|runtime|7fe8e982-688d-449d-b548-a6cb5bc241d1]>> copied ntuples-gen.py
[MFLOG|0|2022-10-21T23:07:30.183742Z|runtime|fed52b89-7b93-429f-bb97-2c07997c4eee]>> Creating project symlinks
[MFLOG|0|2022-10-21T23:07:30.183883Z|runtime|414c3f5f-57e4-46cc-9139-4d97a0c192ad]  src/PhysObjectExtractorTool/PhysObjectExtractor/python -> python/PhysObjectExtractorTool/PhysObjectExtractor
[MFLOG|0|2022-10-21T23:07:30.184035Z|runtime|dfeec4d0-53c0-4a37-802f-f35eb6a52dc6]Entering library rule at PhysObjectExtractorTool/PhysObjectExtractor
[MFLOG|0|2022-10-21T23:07:30.184177Z|runtime|3661fd7e-6a68-4ce7-b2b5-db0bc3fe63f8]>> Compiling edm plugin /code/CMSSW_7_6_7/src/PhysObjectExtractorTool/PhysObjectExtractor/src/ElectronAnalyzer.cc 
[MFLOG|0|2022-10-21T23:07:30.184317Z|runtime|059ba210-c0c8-439a-acde-c04921f6ba7b]>> Compiling edm plugin /code/CMSSW_7_6_7/src/PhysObjectExtractorTool/PhysObjectExtractor/src/FatjetAnalyzer.cc 
[MFLOG|0|2022-10-21T23:07:30.184500Z|runtime|7bb4c141-6965-43a8-ae18-5497d4827d63]>> Compiling edm plugin /code/CMSSW_7_6_7/src/PhysObjectExtractorTool/PhysObjectExtractor/src/GenParticleAnalyzer.cc 
[MFLOG|0|2022-10-21T23:07:30.184685Z|runtime|68405e9d-52ed-4ac3-bbf4-007ab10bbc65]>> Compiling edm plugin /code/CMSSW_7_6_7/src/PhysObjectExtractorTool/PhysObjectExtractor/src/JetAnalyzer.cc 
[MFLOG|0|2022-10-21T23:07:30.184856Z|runtime|8d976ce9-1fe5-41b6-8f9f-e3e1026d9a8d]>> Compiling edm plugin /code/CMSSW_7_6_7/src/PhysObjectExtractorTool/PhysObjectExtractor/src/MetAnalyzer.cc 
[MFLOG|0|2022-10-21T23:07:30.185010Z|runtime|17172df7-5d95-44e7-b063-6cbb2eb36ef5]>> Compiling edm plugin /code/CMSSW_7_6_7/src/PhysObjectExtractorTool/PhysObjectExtractor/src/MuonAnalyzer.cc 
[MFLOG|0|2022-10-21T23:07:30.185148Z|runtime|112eb9cc-c0c0-47e5-948f-5b901a9b2918]>> Compiling edm plugin /code/CMSSW_7_6_7/src/PhysObjectExtractorTool/PhysObjectExtractor/src/PhotonAnalyzer.cc 
[MFLOG|0|2022-10-21T23:07:30.185289Z|runtime|e4a93e81-4e46-4dbd-ade4-90f47f8d5bd0]>> Compiling edm plugin /code/CMSSW_7_6_7/src/PhysObjectExtractorTool/PhysObjectExtractor/src/SimpleEleMuFilter.cc 
[MFLOG|0|2022-10-21T23:07:30.185429Z|runtime|2a26d48e-1a7a-420e-a741-b0f410947f7a]>> Compiling edm plugin /code/CMSSW_7_6_7/src/PhysObjectExtractorTool/PhysObjectExtractor/src/SimpleTriggerAnalyzer.cc 
[MFLOG|0|2022-10-21T23:07:30.185562Z|runtime|e6ba12d2-c669-44c5-bd80-691d8a046228]>> Compiling edm plugin /code/CMSSW_7_6_7/src/PhysObjectExtractorTool/PhysObjectExtractor/src/TauAnalyzer.cc 
[MFLOG|0|2022-10-21T23:07:30.185696Z|runtime|d3bcdcfd-aa8e-48e7-a1d4-466054515cfb]>> Compiling edm plugin /code/CMSSW_7_6_7/src/PhysObjectExtractorTool/PhysObjectExtractor/src/TriggObjectAnalyzer.cc 
[MFLOG|0|2022-10-21T23:07:30.185832Z|runtime|9787a300-d8b4-4a21-8dbf-b6a1e45c081c]>> Compiling edm plugin /code/CMSSW_7_6_7/src/PhysObjectExtractorTool/PhysObjectExtractor/src/TriggerAnalyzer.cc 
[MFLOG|0|2022-10-21T23:07:30.185968Z|runtime|8a72d948-6c77-4db4-ab75-a4775ce88f91]>> Compiling edm plugin /code/CMSSW_7_6_7/src/PhysObjectExtractorTool/PhysObjectExtractor/src/VertexAnalyzer.cc 
[MFLOG|0|2022-10-21T23:07:30.186111Z|runtime|97ef0518-caee-4297-bdec-9334aa98ce7d]>> Building edm plugin tmp/slc6_amd64_gcc493/src/PhysObjectExtractorTool/PhysObjectExtractor/src/PhysObjectExtractorToolPhysObjectExtractor/libPhysObjectExtractorToolPhysObjectExtractor.so
[MFLOG|0|2022-10-21T23:07:30.186252Z|runtime|a5c5e059-0d85-428c-8792-a75898f57c55]Leaving library rule at PhysObjectExtractorTool/PhysObjectExtractor
[MFLOG|0|2022-10-21T23:07:30.186422Z|runtime|1318212a-5da1-4754-be96-4ceb677d2ae1]@@@@ Running edmWriteConfigs for PhysObjectExtractorToolPhysObjectExtractor
[MFLOG|0|2022-10-21T23:07:30.186562Z|runtime|707e0bb2-45e5-4a17-aa1a-29e5853897b8]--- Registered EDM Plugin: PhysObjectExtractorToolPhysObjectExtractor
[MFLOG|0|2022-10-21T23:07:30.186727Z|runtime|3bdab181-a7dc-49f2-8535-9dbb5c6e2251]>> Leaving Package PhysObjectExtractorTool/PhysObjectExtractor
[MFLOG|0|2022-10-21T23:07:30.186876Z|runtime|6158318e-0113-44e2-8f6c-d90c11d3ce0f]>> Package PhysObjectExtractorTool/PhysObjectExtractor built
[MFLOG|0|2022-10-21T23:07:30.187025Z|runtime|1d3ba9c6-d771-41ba-985d-86f9754efad1]>> Local Products Rules ..... started
[MFLOG|0|2022-10-21T23:07:30.187190Z|runtime|d7089e70-150a-4255-b088-e593dacbaedb]>> Local Products Rules ..... done
[MFLOG|0|2022-10-21T23:07:30.187338Z|runtime|3c76eaa9-e7f2-497e-b57e-560ebd4a5b0f]gmake[1]: Entering directory `/code/CMSSW_7_6_7'
[MFLOG|0|2022-10-21T23:07:30.187497Z|runtime|3f48c81b-cc13-4697-88d5-edc63e801fbc]>> Creating project symlinks
[MFLOG|0|2022-10-21T23:07:30.187650Z|runtime|bd0a3988-cf0e-4bb2-b1c7-0c1cfb8018e5]  src/PhysObjectExtractorTool/PhysObjectExtractor/python -> python/PhysObjectExtractorTool/PhysObjectExtractor
[MFLOG|0|2022-10-21T23:07:30.187794Z|runtime|be364538-a3de-42dc-b9b5-b37762689328]>> Done python_symlink
[MFLOG|0|2022-10-21T23:07:30.187972Z|runtime|8cc0888b-8d8e-40d2-b680-583b2c2a11e1]>> Compiling python modules python
[MFLOG|0|2022-10-21T23:07:30.188138Z|runtime|986cae7d-8824-45a7-a7ee-c39820ec6d8a]>> Compiling python modules src/PhysObjectExtractorTool/PhysObjectExtractor/python
[MFLOG|0|2022-10-21T23:07:30.188304Z|runtime|432dbda7-5837-4ca5-8c42-74518b83e4d0]>> All python modules compiled
[MFLOG|0|2022-10-21T23:07:30.192547Z|runtime|f51cd405-6724-412b-99b4-df205cd947f2]@@@@ Refreshing Plugins:edmPluginRefresh
[MFLOG|0|2022-10-21T23:07:30.192811Z|runtime|9d6dcbfa-b8d0-45f1-abc0-d813debd87d3]>> Pluging of all type refreshed.
[MFLOG|0|2022-10-21T23:07:30.192984Z|runtime|6bb64745-f591-4581-971e-1a66d2107c23]>> Done generating edm plugin poisoned information
[MFLOG|0|2022-10-21T23:07:30.193125Z|runtime|d76f4e91-426a-4fda-85e9-b18709cf8f1e]gmake[1]: Leaving directory `/code/CMSSW_7_6_7'
[MFLOG|0|2022-10-21T23:07:30.193258Z|runtime|476b748d-75fa-4493-8ce7-6356e5ca32e2]2
[MFLOG|0|2022-10-21T23:07:30.193387Z|runtime|4994db68-c09b-4ba6-9e0f-95694e8faff6]# Conditions read from  CMS_CONDITIONS  via FrontierProd 
[MFLOG|0|2022-10-21T23:07:30.193517Z|runtime|aaedb6a4-4b5c-4235-9595-301931cf6ca1]HLTConfig has changed for this Run. . . 
[MFLOG|0|2022-10-21T23:07:30.193658Z|runtime|4bfa0e65-48e0-4f45-b29e-ec5d8853dfb8]TrackerParametersESModule::produce(const PTrackerParametersRcd& iRecord)
[MFLOG|0|2022-10-21T23:07:30.193798Z|runtime|3377c50b-13cc-4ff8-955d-e873d09dd520]44251
[MFLOG|0|2022-10-21T23:07:30.193954Z|runtime|8d304fb9-c989-48b4-b1af-132c517fa977]44251
[MFLOG|0|2022-10-21T23:07:30.194105Z|runtime|02de9056-9ef1-47b0-8548-3448af6ce596]
[MFLOG|0|2022-10-21T23:07:30.194303Z|runtime|a2c49028-a684-4921-be7f-fe01c97579cd]Return Code: 1
[MFLOG|0|2022-10-21T23:07:30.194476Z|runtime|2dd4e07a-1eab-446e-a17f-41b03ac6b65b]The error is: 
[MFLOG|0|2022-10-21T23:07:30.194660Z|runtime|5faab594-4030-4b19-88f8-87da5eafc51f] WARNING: In non-interactive mode release checks e.g. deprecated releases, production architectures are disabled.
[MFLOG|0|2022-10-21T23:07:31.613147Z|runtime|85eade88-d569-4855-b07a-7cebd6d795f4]/home/abd/Desktop/Work/Metaflow/CMS-Analysis/shell-scripts/Bash/runpoet-bash.sh: line 4: cd: CMSSW_7_6_7/src: No such file or directory
[MFLOG|0|2022-10-21T23:07:31.613350Z|runtime|02d70b05-da52-4389-8fda-bb065810b147]WARNING: In non-interactive mode release checks e.g. deprecated releases, production architectures are disabled.
[MFLOG|0|2022-10-21T23:07:31.613469Z|runtime|708e0aba-6a0a-44ed-88e0-bae55f75172f]WARNING: There already exists /code/CMSSW_7_6_7 area for SCRAM_ARCH slc6_amd64_gcc493.
[MFLOG|0|2022-10-21T23:07:31.613595Z|runtime|72a35d91-9bba-4963-bc95-4d764ec4e644]Cloning into 'PhysObjectExtractorTool'...
[MFLOG|0|2022-10-21T23:07:31.613720Z|runtime|d36743a4-edb1-49ff-930e-a40645a90a5e]21-Oct-2022 23:16:43 CEST  Initiating request to open file root://eospublic.cern.ch//eos/opendata/cms/mc/RunIIFall15MiniAODv2/TT_TuneCUETP8M1_13TeV-powheg-pythia8/MINIAODSIM/PU25nsData2015v1_76X_mcRun2_asymptotic_v12_ext3-v1/00000/00DF0A73-17C2-E511-B086-E41D2D08DE30.root
[MFLOG|0|2022-10-21T23:07:31.613846Z|runtime|a4785c3a-ce5c-4c23-9158-86af3233a623]%MSG-w XrdAdaptor:  file_open 21-Oct-2022 23:16:44 CEST pre-events
[MFLOG|0|2022-10-21T23:07:31.613975Z|runtime|c6dbceb4-5a90-4ad4-9207-d779a30365f9]Data is served from cern.ch instead of original site eospublic
[MFLOG|0|2022-10-21T23:07:31.614113Z|runtime|ba04ca52-2641-4640-aa4a-bed55d15d8cf]%MSG
[MFLOG|0|2022-10-21T23:07:31.614279Z|runtime|31cb9c27-bf1a-423b-b4e5-b0583520b946]21-Oct-2022 23:16:47 CEST  Successfully opened file root://eospublic.cern.ch//eos/opendata/cms/mc/RunIIFall15MiniAODv2/TT_TuneCUETP8M1_13TeV-powheg-pythia8/MINIAODSIM/PU25nsData2015v1_76X_mcRun2_asymptotic_v12_ext3-v1/00000/00DF0A73-17C2-E511-B086-E41D2D08DE30.root
[MFLOG|0|2022-10-21T23:07:31.614426Z|runtime|2e5d64df-93af-44f4-8320-34b233993e6e]22-Oct-2022 00:23:49 CEST  Closed file root://eospublic.cern.ch//eos/opendata/cms/mc/RunIIFall15MiniAODv2/TT_TuneCUETP8M1_13TeV-powheg-pythia8/MINIAODSIM/PU25nsData2015v1_76X_mcRun2_asymptotic_v12_ext3-v1/00000/00DF0A73-17C2-E511-B086-E41D2D08DE30.root
[MFLOG|0|2022-10-21T23:07:31.614591Z|runtime|0d5816b8-909d-4b2a-b2fa-5d081f58c8f1]22-Oct-2022 00:23:49 CEST  Initiating request to open file root://eospublic.cern.ch//eos/opendata/cms/mc/RunIIFall15MiniAODv2/TT_TuneCUETP8M1_13TeV-powheg-pythia8/MINIAODSIM/PU25nsData2015v1_76X_mcRun2_asymptotic_v12_ext3-v1/00000/020D0AF1-4BC2-E511-BDFC-0026B95ADB18.root
[MFLOG|0|2022-10-21T23:07:31.614737Z|runtime|7339f586-4237-4c45-935b-7014bcdd1209]%MSG-w XrdAdaptor:  file_open 22-Oct-2022 00:23:49 CEST PostProcessEvent
[MFLOG|0|2022-10-21T23:07:31.614878Z|runtime|025b52e1-bb3f-4abf-82cd-98425be1c624]Data is served from cern.ch instead of original site eospublic
[MFLOG|0|2022-10-21T23:07:31.615013Z|runtime|6541ae62-43b7-4e01-a807-1aef364b5144]%MSG
[MFLOG|0|2022-10-21T23:07:31.615161Z|runtime|535c85cf-c461-4f56-a46d-d90061c5fdd4]22-Oct-2022 00:23:50 CEST  Successfully opened file root://eospublic.cern.ch//eos/opendata/cms/mc/RunIIFall15MiniAODv2/TT_TuneCUETP8M1_13TeV-powheg-pythia8/MINIAODSIM/PU25nsData2015v1_76X_mcRun2_asymptotic_v12_ext3-v1/00000/020D0AF1-4BC2-E511-BDFC-0026B95ADB18.root
[MFLOG|0|2022-10-21T23:07:31.615286Z|runtime|12701048-b958-4642-ac2c-bd0379c7bb73][2022-10-22 00:26:50.797498 +0200][Error  ][XRootD            ] [p06636710a59202.cern.ch:1095] Unable to get the response to request kXR_close (handle: 0x00000000)
[MFLOG|0|2022-10-21T23:07:31.615396Z|runtime|15030276-08dc-4aa6-bd3f-867b88181ca2]%MSG-w XrdFileWarning:  (NoModuleName) 22-Oct-2022 00:26:50 CEST pre-events
[MFLOG|0|2022-10-21T23:07:31.615519Z|runtime|45bcad0f-3e9b-4c6c-8df0-9d229ea4b28d]Source delayed close failed with error '[ERROR] Operation expired' (errno=0, code=206, server=p06636710a59202.cern.ch:1095, site=cern.ch)
[MFLOG|0|2022-10-21T23:07:31.615634Z|runtime|2b330a0f-e034-4986-9333-09f3eb23e453]%MSG
[MFLOG|0|2022-10-21T23:07:31.615763Z|runtime|f1523de8-de3b-4cb4-9b42-0e24aebbe85d][2022-10-22 00:41:04.780747 +0200][Error  ][AsyncSock         ] [p06636710a59202.cern.ch:1095 #0.0] Socket error encountered: [ERROR] Socket error: Connection timed out
[MFLOG|0|2022-10-21T23:07:31.615917Z|runtime|45d9d7d6-2bbc-486c-b2f6-69225a033eff]22-Oct-2022 01:07:15 CEST  Closed file root://eospublic.cern.ch//eos/opendata/cms/mc/RunIIFall15MiniAODv2/TT_TuneCUETP8M1_13TeV-powheg-pythia8/MINIAODSIM/PU25nsData2015v1_76X_mcRun2_asymptotic_v12_ext3-v1/00000/020D0AF1-4BC2-E511-BDFC-0026B95ADB18.root
[MFLOG|0|2022-10-21T23:07:31.616056Z|runtime|9e74e98f-53a2-4150-a830-90e618de9ec4]
[MFLOG|0|2022-10-21T23:07:31.616196Z|runtime|2c20ae22-8b4e-4b3e-9179-f7642ad8a4e2]=============================================
[MFLOG|0|2022-10-21T23:07:31.616330Z|runtime|8a2edd12-85fb-426c-b31c-5421bda67b25]
[MFLOG|0|2022-10-21T23:07:31.616490Z|runtime|f8dc82a1-4a14-4b18-9c32-6082f690c97d]MessageLogger Summary
[MFLOG|0|2022-10-21T23:07:31.616626Z|runtime|1cecad02-ea1f-4488-b205-e2077fa6c02e]
[MFLOG|0|2022-10-21T23:07:31.616745Z|runtime|f9648296-edc4-4476-b302-fea8f0900af9] type     category        sev    module        subroutine        count    total
[MFLOG|0|2022-10-21T23:07:31.616861Z|runtime|9d017112-5d3c-43bb-bb63-0ab5cb828742] ---- -------------------- -- ---------------- ----------------  -----    -----
[MFLOG|0|2022-10-21T23:07:31.616974Z|runtime|ae13fca0-4864-4776-91e6-51ab3509ff0f]    1 XrdAdaptor           -w file_open                              2        2
[MFLOG|0|2022-10-21T23:07:31.617074Z|runtime|3138659b-fe7d-4dc4-b9c1-37665ff584ef]    2 XrdFileWarning       -w (NoModuleName)                         1        1
[MFLOG|0|2022-10-21T23:07:31.617163Z|runtime|37cfe38b-4ff1-4b5a-a67e-d77c2beed32d]    3 fileAction           -s file_close                             2        2
[MFLOG|0|2022-10-21T23:07:31.617251Z|runtime|384781fa-7888-4bd5-89d1-ac51393bdc51]    4 fileAction           -s file_open                              4        4
[MFLOG|0|2022-10-21T23:07:31.617340Z|runtime|f35c7c1a-a1d2-40c9-bc78-59df87c88ea2]
[MFLOG|0|2022-10-21T23:07:31.617432Z|runtime|1afc0f26-370c-43e4-b4a9-3f56c0871f56] type    category    Examples: run/evt        run/evt          run/evt
[MFLOG|0|2022-10-21T23:07:31.617526Z|runtime|e1eb2a3c-bdc2-49b7-bacb-7ba3de01ea97] ---- -------------------- ---------------- ---------------- ----------------
[MFLOG|0|2022-10-21T23:07:31.617628Z|runtime|ac900055-77a3-45fa-bc0d-b962f0c9f6de]    1 XrdAdaptor           pre-events       PostProcessEvent 
[MFLOG|0|2022-10-21T23:07:31.617721Z|runtime|bcf2d64e-571b-4219-9bd9-1bf28d291492]    2 XrdFileWarning       pre-events                        
[MFLOG|0|2022-10-21T23:07:31.617809Z|runtime|c9ef7677-3d85-46ae-a31a-ea6fcf4d7c75]    3 fileAction           PostProcessEvent PostEndRun       
[MFLOG|0|2022-10-21T23:07:31.617919Z|runtime|d14b0811-e3d7-432e-957a-942b9a5eeacc]    4 fileAction           pre-events       pre-events       PostProcessEvent
[MFLOG|0|2022-10-21T23:07:31.618062Z|runtime|d5de9d49-c0f2-4eaf-81ac-3d68f8b66596]
[MFLOG|0|2022-10-21T23:07:31.618162Z|runtime|c7b33e7e-7c32-4b8b-ad71-25430e94eae2]Severity    # Occurrences   Total Occurrences
[MFLOG|0|2022-10-21T23:07:31.618295Z|runtime|3d9f726e-bdb8-4654-bc69-266aa52d47e2]--------    -------------   -----------------
[MFLOG|0|2022-10-21T23:07:31.618419Z|runtime|56fd8074-1d19-4ec4-9fc7-4ab3ceae7b76]Warning                 3                   3
[MFLOG|0|2022-10-21T23:07:31.618537Z|runtime|5a839635-a288-42b4-93e2-f6c41b2990f9]System                  6                   6
[MFLOG|0|2022-10-21T23:07:31.618672Z|runtime|ea9932c5-44ce-4a0a-a628-a6b1d61b4a90]Error response from daemon: No such container: cmssw-19980
[MFLOG|0|2022-10-21T23:07:31.618801Z|runtime|9c12e880-c549-425b-bb1b-c89406c56a1d]
