[MFLOG|0|2022-10-21T23:34:35.213164Z|runtime|1948445d-1ec0-4b29-8321-39cd1868c4c0]The command is: 
[MFLOG|0|2022-10-21T23:34:35.213410Z|runtime|fc0b3104-d479-487d-8f7e-f6a0fa93ae2e] 
[MFLOG|0|2022-10-21T23:34:35.213536Z|runtime|2ac41885-9be0-421a-8646-0a491316c201]        docker run         --rm         --name cmssw-19397         --mount type=bind,source=/home/abd/Desktop/Work/Metaflow/CMS-Analysis,target=/home/abd/Desktop/Work/Metaflow/CMS-Analysis         cmsopendata/cmssw_7_6_7-slc6_amd64_gcc493         bash /home/abd/Desktop/Work/Metaflow/CMS-Analysis/shell-scripts/Bash/runpoet-bash.sh /home/abd/Desktop/Work/Metaflow/CMS-Analysis/vol 2 19397 1 &&         docker stop cmssw-19397 &&         docker rm cmssw-19397
[MFLOG|0|2022-10-21T23:34:35.213655Z|runtime|fe177472-0423-45b8-8a10-e7980b648a90]        
[MFLOG|0|2022-10-21T23:34:35.213765Z|runtime|22f70e95-ce1d-49dd-93de-6e887644bceb]The output is: 
[MFLOG|0|2022-10-21T23:34:35.213873Z|runtime|36c64632-689f-48ae-be65-e071e8833f27] Setting up CMSSW_7_6_7
[MFLOG|0|2022-10-21T23:34:35.213983Z|runtime|d8bd9ad6-77a5-4745-925c-80d806df403e]CMSSW should now be available.
[MFLOG|0|2022-10-21T23:34:35.214091Z|runtime|1d2da760-01c5-40d4-95a8-3067162d0999]This is a standalone image for CMSSW_7_6_7 slc6_amd64_gcc493.
[MFLOG|0|2022-10-21T23:34:35.214200Z|runtime|26b7848b-0604-405e-8f65-4d4199785dd0]inside script file
[MFLOG|0|2022-10-21T23:34:35.214305Z|runtime|a8f995b3-e02f-44d2-94ab-27369a0d1f28]Setting up CMSSW_7_6_7
[MFLOG|0|2022-10-21T23:34:35.214413Z|runtime|6cf3db39-b3f9-4b93-9ed2-7db8c3ea2eaa]CMSSW should now be available.
[MFLOG|0|2022-10-21T23:34:35.214517Z|runtime|cd86bedd-fbc6-4ead-961c-0b258aee13bd]This is a standalone image for CMSSW_7_6_7 slc6_amd64_gcc493.
[MFLOG|0|2022-10-21T23:34:35.214622Z|runtime|86d269fc-e85f-4be3-a796-b00b4cd62d09]>> Local Products Rules ..... started
[MFLOG|0|2022-10-21T23:34:35.214727Z|runtime|9acb69c0-f590-4aa4-94fd-9978bc6ddca8]>> Local Products Rules ..... done
[MFLOG|0|2022-10-21T23:34:35.214832Z|runtime|2a26e577-f858-429b-a621-8fe811e00926]>> Entering Package PhysObjectExtractorTool/PhysObjectExtractor
[MFLOG|0|2022-10-21T23:34:35.214936Z|runtime|ff201be4-0e1d-4cfe-8dfd-7a2c888860de]------- copying files from src/PhysObjectExtractorTool/PhysObjectExtractor/scripts -------
[MFLOG|0|2022-10-21T23:34:35.215042Z|runtime|1e8d8351-9769-424f-ac10-1bd75384279f]>> copied merge_trees.py
[MFLOG|0|2022-10-21T23:34:35.215146Z|runtime|517d3ff6-ffc9-4e70-9c2d-a7be654ba636]>> copied ntuples-gen.py
[MFLOG|0|2022-10-21T23:34:35.215249Z|runtime|c4c09289-fc32-4ff9-8cf6-66b0a6a57b26]>> Creating project symlinks
[MFLOG|0|2022-10-21T23:34:35.215353Z|runtime|35e74a69-d3fb-47aa-99f2-57734b06075e]  src/PhysObjectExtractorTool/PhysObjectExtractor/python -> python/PhysObjectExtractorTool/PhysObjectExtractor
[MFLOG|0|2022-10-21T23:34:35.215460Z|runtime|f9d2d050-1920-4bf7-8f64-da8700cf6fc1]Entering library rule at PhysObjectExtractorTool/PhysObjectExtractor
[MFLOG|0|2022-10-21T23:34:35.215565Z|runtime|e056548b-028d-4398-9b23-0e554d5b21fb]>> Compiling edm plugin /code/CMSSW_7_6_7/src/PhysObjectExtractorTool/PhysObjectExtractor/src/ElectronAnalyzer.cc 
[MFLOG|0|2022-10-21T23:34:35.215664Z|runtime|293fdc31-c7f5-4948-8125-eb3e5f65afaf]>> Compiling edm plugin /code/CMSSW_7_6_7/src/PhysObjectExtractorTool/PhysObjectExtractor/src/FatjetAnalyzer.cc 
[MFLOG|0|2022-10-21T23:34:35.215777Z|runtime|4895b44f-0b65-4ef6-ac5c-511fdd657f7f]>> Compiling edm plugin /code/CMSSW_7_6_7/src/PhysObjectExtractorTool/PhysObjectExtractor/src/GenParticleAnalyzer.cc 
[MFLOG|0|2022-10-21T23:34:35.215882Z|runtime|c0010186-cb9d-4c66-89e6-90e7a5b3260c]>> Compiling edm plugin /code/CMSSW_7_6_7/src/PhysObjectExtractorTool/PhysObjectExtractor/src/JetAnalyzer.cc 
[MFLOG|0|2022-10-21T23:34:35.215986Z|runtime|5735b699-7e25-4456-b9e9-106393e99a35]>> Compiling edm plugin /code/CMSSW_7_6_7/src/PhysObjectExtractorTool/PhysObjectExtractor/src/MetAnalyzer.cc 
[MFLOG|0|2022-10-21T23:34:35.216091Z|runtime|b7b72036-cef3-4b6f-a6cc-96b9dfbcd26a]>> Compiling edm plugin /code/CMSSW_7_6_7/src/PhysObjectExtractorTool/PhysObjectExtractor/src/MuonAnalyzer.cc 
[MFLOG|0|2022-10-21T23:34:35.216198Z|runtime|4b2fc7f6-c124-40db-bf3b-36bf64286d06]>> Compiling edm plugin /code/CMSSW_7_6_7/src/PhysObjectExtractorTool/PhysObjectExtractor/src/PhotonAnalyzer.cc 
[MFLOG|0|2022-10-21T23:34:35.216303Z|runtime|bd6b1ce9-821f-41f6-aab2-35b1193c8032]>> Compiling edm plugin /code/CMSSW_7_6_7/src/PhysObjectExtractorTool/PhysObjectExtractor/src/SimpleEleMuFilter.cc 
[MFLOG|0|2022-10-21T23:34:35.216408Z|runtime|e683d67d-4a12-4d27-84fd-2962ff90e8f0]>> Compiling edm plugin /code/CMSSW_7_6_7/src/PhysObjectExtractorTool/PhysObjectExtractor/src/SimpleTriggerAnalyzer.cc 
[MFLOG|0|2022-10-21T23:34:35.216555Z|runtime|052166dd-cdc1-420a-bbf6-99c553413b8a]>> Compiling edm plugin /code/CMSSW_7_6_7/src/PhysObjectExtractorTool/PhysObjectExtractor/src/TauAnalyzer.cc 
[MFLOG|0|2022-10-21T23:34:35.216686Z|runtime|762c6e97-d59b-4e62-b77c-d7e7492abd48]>> Compiling edm plugin /code/CMSSW_7_6_7/src/PhysObjectExtractorTool/PhysObjectExtractor/src/TriggObjectAnalyzer.cc 
[MFLOG|0|2022-10-21T23:34:35.216818Z|runtime|97307681-2d42-4977-b061-c5654d5a4941]>> Compiling edm plugin /code/CMSSW_7_6_7/src/PhysObjectExtractorTool/PhysObjectExtractor/src/TriggerAnalyzer.cc 
[MFLOG|0|2022-10-21T23:34:35.216945Z|runtime|a9894995-62b8-4f39-bbde-8789fea1be2a]>> Compiling edm plugin /code/CMSSW_7_6_7/src/PhysObjectExtractorTool/PhysObjectExtractor/src/VertexAnalyzer.cc 
[MFLOG|0|2022-10-21T23:34:35.217069Z|runtime|5c3d05fd-1c44-46e6-8f55-5aaf583b7dfe]>> Building edm plugin tmp/slc6_amd64_gcc493/src/PhysObjectExtractorTool/PhysObjectExtractor/src/PhysObjectExtractorToolPhysObjectExtractor/libPhysObjectExtractorToolPhysObjectExtractor.so
[MFLOG|0|2022-10-21T23:34:35.217194Z|runtime|25f01c45-bdfe-4941-bba7-583ed21f39d7]Leaving library rule at PhysObjectExtractorTool/PhysObjectExtractor
[MFLOG|0|2022-10-21T23:34:35.217323Z|runtime|8d70f0ee-5bad-4821-8c26-d61b33f60c5e]@@@@ Running edmWriteConfigs for PhysObjectExtractorToolPhysObjectExtractor
[MFLOG|0|2022-10-21T23:34:35.217460Z|runtime|f5a61b43-0de6-4cfc-a40a-a5a0863aeeb5]--- Registered EDM Plugin: PhysObjectExtractorToolPhysObjectExtractor
[MFLOG|0|2022-10-21T23:34:35.217591Z|runtime|55c82ac8-f2e7-419f-af42-21fc4e34e0b1]>> Leaving Package PhysObjectExtractorTool/PhysObjectExtractor
[MFLOG|0|2022-10-21T23:34:35.217723Z|runtime|d721233c-0b9b-40d2-a83a-27a16297f161]>> Package PhysObjectExtractorTool/PhysObjectExtractor built
[MFLOG|0|2022-10-21T23:34:35.217852Z|runtime|b5c89db2-39d9-461e-92bd-68464bf34412]>> Local Products Rules ..... started
[MFLOG|0|2022-10-21T23:34:35.217981Z|runtime|372c164b-5374-4fcb-9273-aa7568bf8e94]>> Local Products Rules ..... done
[MFLOG|0|2022-10-21T23:34:35.218119Z|runtime|56e29350-f355-4bc1-8a61-4ff06db76c5e]gmake[1]: Entering directory `/code/CMSSW_7_6_7'
[MFLOG|0|2022-10-21T23:34:35.218258Z|runtime|571dd105-669f-4e6a-8594-0da2dfb8681d]>> Creating project symlinks
[MFLOG|0|2022-10-21T23:34:35.218401Z|runtime|c174b43d-69e0-4435-88e6-2a206a97b0f6]  src/PhysObjectExtractorTool/PhysObjectExtractor/python -> python/PhysObjectExtractorTool/PhysObjectExtractor
[MFLOG|0|2022-10-21T23:34:35.218545Z|runtime|46245598-834f-48c7-bb48-638a19581fb7]>> Done python_symlink
[MFLOG|0|2022-10-21T23:34:35.218695Z|runtime|c14f5656-8b54-4484-a857-34d7ba196192]>> Compiling python modules python
[MFLOG|0|2022-10-21T23:34:35.218846Z|runtime|57979373-e791-4eed-904b-5943bb2127c9]>> Compiling python modules src/PhysObjectExtractorTool/PhysObjectExtractor/python
[MFLOG|0|2022-10-21T23:34:35.218987Z|runtime|256d18fe-ae4c-4491-aca5-b417feb0ad0c]>> All python modules compiled
[MFLOG|0|2022-10-21T23:34:35.219120Z|runtime|4d00ac81-075c-4b5e-b57a-001c00a687eb]@@@@ Refreshing Plugins:edmPluginRefresh
[MFLOG|0|2022-10-21T23:34:35.219252Z|runtime|3e8dd19d-de57-4c13-b26d-ec25b437180c]>> Pluging of all type refreshed.
[MFLOG|0|2022-10-21T23:34:35.219394Z|runtime|ae8e481b-7659-45d4-922d-907ede295121]>> Done generating edm plugin poisoned information
[MFLOG|0|2022-10-21T23:34:35.219531Z|runtime|47dd02ac-b4a9-4869-9984-3860eb81e56a]gmake[1]: Leaving directory `/code/CMSSW_7_6_7'
[MFLOG|0|2022-10-21T23:34:35.219667Z|runtime|7e0d5092-20de-405c-8104-173cd6a09603]2
[MFLOG|0|2022-10-21T23:34:35.219799Z|runtime|5533dc0d-0798-4883-a7fd-f0fc7de1dbf6]# Conditions read from  CMS_CONDITIONS  via FrontierProd 
[MFLOG|0|2022-10-21T23:34:35.219939Z|runtime|6ed3e69b-630f-4b62-a0f0-7ac0a5e901dd]HLTConfig has changed for this Run. . . 
[MFLOG|0|2022-10-21T23:34:35.220076Z|runtime|997af4e1-2561-4d7f-a84b-33eba813093c]TrackerParametersESModule::produce(const PTrackerParametersRcd& iRecord)
[MFLOG|0|2022-10-21T23:34:35.220212Z|runtime|aca276c0-ad7c-44bf-9028-252f807c7973]41348
[MFLOG|0|2022-10-21T23:34:35.220347Z|runtime|7b6c0274-2951-407c-85ac-e260c3ec0971]41348
[MFLOG|0|2022-10-21T23:34:35.220510Z|runtime|981989f4-47ac-46a3-a194-4874a7467304]
[MFLOG|0|2022-10-21T23:34:35.220665Z|runtime|67349f9c-2d9d-4b5f-baa2-811ea5b4327b]Return Code: 1
[MFLOG|0|2022-10-21T23:34:35.220807Z|runtime|15cd8a40-1481-4c01-ad15-748c01d99982]The error is: 
[MFLOG|0|2022-10-21T23:34:35.220943Z|runtime|e26249de-d466-4869-98e9-3f9f0be02d00] WARNING: In non-interactive mode release checks e.g. deprecated releases, production architectures are disabled.
[MFLOG|0|2022-10-21T23:34:35.221080Z|runtime|8b608cae-7f38-4e86-af2e-b3f2e769a809]/home/abd/Desktop/Work/Metaflow/CMS-Analysis/shell-scripts/Bash/runpoet-bash.sh: line 4: cd: CMSSW_7_6_7/src: No such file or directory
[MFLOG|0|2022-10-21T23:34:35.221223Z|runtime|ea904497-9bf2-45d0-ba80-a45b7673b326]WARNING: In non-interactive mode release checks e.g. deprecated releases, production architectures are disabled.
[MFLOG|0|2022-10-21T23:34:35.221369Z|runtime|c651be87-ee98-49e8-8446-1e18a59c8809]WARNING: There already exists /code/CMSSW_7_6_7 area for SCRAM_ARCH slc6_amd64_gcc493.
[MFLOG|0|2022-10-21T23:34:35.221506Z|runtime|9dcd3797-776b-4ff8-9729-68b6a7e4e8df]Cloning into 'PhysObjectExtractorTool'...
[MFLOG|0|2022-10-21T23:34:35.221661Z|runtime|d2fb3a85-a5f6-415c-8bb4-b9de4733e5cc]22-Oct-2022 00:22:28 CEST  Initiating request to open file root://eospublic.cern.ch//eos/opendata/cms/mc/RunIIFall15MiniAODv2/ST_t-channel_4f_leptonDecays_13TeV-amcatnlo-pythia8_TuneCUETP8M1/MINIAODSIM/PU25nsData2015v1_76X_mcRun2_asymptotic_v12-v1/00000/00D0C851-F9BB-E511-86B6-5C260AFFFB63.root
[MFLOG|0|2022-10-21T23:34:35.221818Z|runtime|5369f10a-679b-4e57-b464-813a5b0a168a]%MSG-w XrdAdaptor:  file_open 22-Oct-2022 00:22:29 CEST pre-events
[MFLOG|0|2022-10-21T23:34:35.221954Z|runtime|37f4ef85-1172-476b-8dbc-4f4cce43cc37]Data is served from cern.ch instead of original site eospublic
[MFLOG|0|2022-10-21T23:34:35.222078Z|runtime|213515ef-c655-41ce-a637-34c9325ce71b]%MSG
[MFLOG|0|2022-10-21T23:34:35.222212Z|runtime|06ad1df6-3c26-47ec-99e4-e1606e961f2d]22-Oct-2022 00:22:31 CEST  Successfully opened file root://eospublic.cern.ch//eos/opendata/cms/mc/RunIIFall15MiniAODv2/ST_t-channel_4f_leptonDecays_13TeV-amcatnlo-pythia8_TuneCUETP8M1/MINIAODSIM/PU25nsData2015v1_76X_mcRun2_asymptotic_v12-v1/00000/00D0C851-F9BB-E511-86B6-5C260AFFFB63.root
[MFLOG|0|2022-10-21T23:34:35.222350Z|runtime|3afe652f-495d-4bd4-a680-9f446e22098d]22-Oct-2022 00:59:06 CEST  Closed file root://eospublic.cern.ch//eos/opendata/cms/mc/RunIIFall15MiniAODv2/ST_t-channel_4f_leptonDecays_13TeV-amcatnlo-pythia8_TuneCUETP8M1/MINIAODSIM/PU25nsData2015v1_76X_mcRun2_asymptotic_v12-v1/00000/00D0C851-F9BB-E511-86B6-5C260AFFFB63.root
[MFLOG|0|2022-10-21T23:34:35.222488Z|runtime|1d64ab8f-2bb4-4824-8847-5410d44b16d6]22-Oct-2022 00:59:06 CEST  Initiating request to open file root://eospublic.cern.ch//eos/opendata/cms/mc/RunIIFall15MiniAODv2/ST_t-channel_4f_leptonDecays_13TeV-amcatnlo-pythia8_TuneCUETP8M1/MINIAODSIM/PU25nsData2015v1_76X_mcRun2_asymptotic_v12-v1/00000/023F8AC3-FFBB-E511-8611-3417EBE528F4.root
[MFLOG|0|2022-10-21T23:34:35.222633Z|runtime|99d6b950-7cba-46d2-80dd-cc1382ceb6fd]%MSG-w XrdAdaptor:  file_open 22-Oct-2022 00:59:08 CEST PostProcessEvent
[MFLOG|0|2022-10-21T23:34:35.222765Z|runtime|a61728cc-f43d-4a57-a07a-d8c4b10f5252]Data is served from cern.ch instead of original site eospublic
[MFLOG|0|2022-10-21T23:34:35.222913Z|runtime|68f979db-4cd7-4d2d-bd99-1fe5149765e4]%MSG
[MFLOG|0|2022-10-21T23:34:35.223082Z|runtime|0bcdb452-3744-4e7a-ab33-1f726a1412b2]22-Oct-2022 00:59:09 CEST  Successfully opened file root://eospublic.cern.ch//eos/opendata/cms/mc/RunIIFall15MiniAODv2/ST_t-channel_4f_leptonDecays_13TeV-amcatnlo-pythia8_TuneCUETP8M1/MINIAODSIM/PU25nsData2015v1_76X_mcRun2_asymptotic_v12-v1/00000/023F8AC3-FFBB-E511-8611-3417EBE528F4.root
[MFLOG|0|2022-10-21T23:34:35.223227Z|runtime|327818c9-78f4-4871-8b49-527dfaac84a6][2022-10-22 01:02:06.720131 +0200][Error  ][XRootD            ] [st-096-hh151826.cern.ch:1095] Unable to get the response to request kXR_close (handle: 0x00000000)
[MFLOG|0|2022-10-21T23:34:35.223372Z|runtime|34f3939c-2087-49ea-81c5-be95d59ff4f6]%MSG-w XrdFileWarning:  (NoModuleName) 22-Oct-2022 01:02:06 CEST pre-events
[MFLOG|0|2022-10-21T23:34:35.223506Z|runtime|b4d81dbe-298d-4d60-b9cc-7ba6eb48c9cc]Source delayed close failed with error '[ERROR] Operation expired' (errno=0, code=206, server=st-096-hh151826.cern.ch:1095, site=cern.ch)
[MFLOG|0|2022-10-21T23:34:35.223643Z|runtime|467afdde-a45b-46b5-abb0-300b0b2af16e]%MSG
[MFLOG|0|2022-10-21T23:34:35.223766Z|runtime|84037fdc-3874-4de4-8312-c4f1730e5007][2022-10-22 01:16:22.416858 +0200][Error  ][AsyncSock         ] [st-096-hh151826.cern.ch:1095 #0.0] Socket error encountered: [ERROR] Socket error: Connection timed out
[MFLOG|0|2022-10-21T23:34:35.223902Z|runtime|1e06d3ef-4400-431b-b251-120ef4b265f5]22-Oct-2022 01:34:22 CEST  Closed file root://eospublic.cern.ch//eos/opendata/cms/mc/RunIIFall15MiniAODv2/ST_t-channel_4f_leptonDecays_13TeV-amcatnlo-pythia8_TuneCUETP8M1/MINIAODSIM/PU25nsData2015v1_76X_mcRun2_asymptotic_v12-v1/00000/023F8AC3-FFBB-E511-8611-3417EBE528F4.root
[MFLOG|0|2022-10-21T23:34:35.224048Z|runtime|c0b521ae-3b66-4fce-a89c-1aacd64f9ca2]
[MFLOG|0|2022-10-21T23:34:35.224281Z|runtime|2e5ea47c-8c9d-45d0-ab4b-6641f212be85]=============================================
[MFLOG|0|2022-10-21T23:34:35.224449Z|runtime|ee47e510-bbb1-475d-b957-dee88c19c453]
[MFLOG|0|2022-10-21T23:34:35.224586Z|runtime|f328e8d3-f7a9-4fab-93a6-8a0377ad3e2a]MessageLogger Summary
[MFLOG|0|2022-10-21T23:34:35.224745Z|runtime|b6dbdb6f-7798-4e96-98f9-0a3d5a93bb88]
[MFLOG|0|2022-10-21T23:34:35.225101Z|runtime|4526a880-eb47-4e0c-903b-3836dcfa2956] type     category        sev    module        subroutine        count    total
[MFLOG|0|2022-10-21T23:34:35.225258Z|runtime|1497048e-0c69-42ba-a7ba-fb4de9ac2252] ---- -------------------- -- ---------------- ----------------  -----    -----
[MFLOG|0|2022-10-21T23:34:35.225391Z|runtime|ff862912-f8df-495b-8271-5c060c172a21]    1 XrdAdaptor           -w file_open                              2        2
[MFLOG|0|2022-10-21T23:34:35.225530Z|runtime|4d3993ad-233f-405e-9fef-4c25b23f4cf3]    2 XrdFileWarning       -w (NoModuleName)                         1        1
[MFLOG|0|2022-10-21T23:34:35.225656Z|runtime|6830abac-9956-4ea8-abb6-4a5cfe37fb21]    3 fileAction           -s file_close                             2        2
[MFLOG|0|2022-10-21T23:34:35.225803Z|runtime|927b4350-2608-47d4-9fff-93e713135cba]    4 fileAction           -s file_open                              4        4
[MFLOG|0|2022-10-21T23:34:35.225947Z|runtime|ebc6dcc7-aeed-4e69-b03c-3db591d877e1]
[MFLOG|0|2022-10-21T23:34:35.226095Z|runtime|0490d015-9fef-4869-869c-63f87df537f7] type    category    Examples: run/evt        run/evt          run/evt
[MFLOG|0|2022-10-21T23:34:35.226253Z|runtime|2d04b0ca-79f5-4614-b20c-9c7de20a5a81] ---- -------------------- ---------------- ---------------- ----------------
[MFLOG|0|2022-10-21T23:34:35.226414Z|runtime|8286adbe-bdb3-493e-be0b-4d8ab405a632]    1 XrdAdaptor           pre-events       PostProcessEvent 
[MFLOG|0|2022-10-21T23:34:35.226667Z|runtime|148eec4a-a4db-497c-a6e4-a1aeadfb3027]    2 XrdFileWarning       pre-events                        
[MFLOG|0|2022-10-21T23:34:35.226841Z|runtime|8b023293-1f7e-4b42-af35-73a2894d15cb]    3 fileAction           PostProcessEvent PostEndRun       
[MFLOG|0|2022-10-21T23:34:35.226988Z|runtime|9adb3e7e-6f6d-4794-9d7a-4ff8454da036]    4 fileAction           pre-events       pre-events       PostProcessEvent
[MFLOG|0|2022-10-21T23:34:35.227131Z|runtime|fc0654e1-b632-4231-a0bf-256a920ff2ac]
[MFLOG|0|2022-10-21T23:34:35.227270Z|runtime|21f95c0c-b245-467b-92ad-dcdc82d26699]Severity    # Occurrences   Total Occurrences
[MFLOG|0|2022-10-21T23:34:35.227412Z|runtime|f13dd2fa-6171-4766-8be5-aefc82b20649]--------    -------------   -----------------
[MFLOG|0|2022-10-21T23:34:36.732302Z|runtime|582a757b-e14b-4b57-9552-b8093e9aabda]Warning                 3                   3
[MFLOG|0|2022-10-21T23:34:36.733856Z|runtime|8172b9de-f6ec-4e14-91fc-f7cf00928d42]System                  6                   6
[MFLOG|0|2022-10-21T23:34:36.734943Z|runtime|e19d066d-484c-4af7-a03f-959f6836fb57]Error response from daemon: No such container: cmssw-19397
[MFLOG|0|2022-10-21T23:34:36.736029Z|runtime|a0a2832b-f64c-4496-a35d-9453a2cf4ed8]
