[MFLOG|0|2022-10-21T23:23:02.045436Z|runtime|5f4fb4f7-2a20-47f9-ae39-811ab0af235a]The command is: 
[MFLOG|0|2022-10-21T23:23:02.045694Z|runtime|dde7b033-ecad-4f4d-a63b-f9d42f821a8e] 
[MFLOG|0|2022-10-21T23:23:02.045870Z|runtime|9f3bdfc8-cf5e-40ed-b5e4-20d21083753c]        docker run         --rm         --name cmssw-19407         --mount type=bind,source=/home/abd/Desktop/Work/Metaflow/CMS-Analysis,target=/home/abd/Desktop/Work/Metaflow/CMS-Analysis         cmsopendata/cmssw_7_6_7-slc6_amd64_gcc493         bash /home/abd/Desktop/Work/Metaflow/CMS-Analysis/shell-scripts/Bash/runpoet-bash.sh /home/abd/Desktop/Work/Metaflow/CMS-Analysis/vol 2 19407 1 &&         docker stop cmssw-19407 &&         docker rm cmssw-19407
[MFLOG|0|2022-10-21T23:23:02.046330Z|runtime|d1b2dacb-9286-4702-adeb-5a76c8b22c3f]        
[MFLOG|0|2022-10-21T23:23:02.046867Z|runtime|d4022767-0234-49d1-9300-b608cefd9224]The output is: 
[MFLOG|0|2022-10-21T23:23:02.047377Z|runtime|78e49b9e-bfba-44ae-95b7-bdaeeedffa88] Setting up CMSSW_7_6_7
[MFLOG|0|2022-10-21T23:23:02.047894Z|runtime|54de59a2-048a-4e24-8ea6-bed2f8f7654f]CMSSW should now be available.
[MFLOG|0|2022-10-21T23:23:02.048402Z|runtime|158671f6-5e04-4964-9ff3-907974285b56]This is a standalone image for CMSSW_7_6_7 slc6_amd64_gcc493.
[MFLOG|0|2022-10-21T23:23:02.048960Z|runtime|30a77239-d677-447a-bc46-fe6d0f3fb666]inside script file
[MFLOG|0|2022-10-21T23:23:02.049531Z|runtime|61808ef5-0f64-419f-a873-0577c1532564]Setting up CMSSW_7_6_7
[MFLOG|0|2022-10-21T23:23:02.050180Z|runtime|3ab2134d-6f08-4768-8549-bfad84e6197b]CMSSW should now be available.
[MFLOG|0|2022-10-21T23:23:02.050391Z|runtime|9c303591-6b2f-4989-920a-1a2f890705d5]This is a standalone image for CMSSW_7_6_7 slc6_amd64_gcc493.
[MFLOG|0|2022-10-21T23:23:02.050514Z|runtime|2a7b2ef6-da57-45f0-9c1b-04babfbf687c]>> Local Products Rules ..... started
[MFLOG|0|2022-10-21T23:23:02.050631Z|runtime|0c75b4d0-5832-46f7-b123-75d1e5b90a92]>> Local Products Rules ..... done
[MFLOG|0|2022-10-21T23:23:02.050746Z|runtime|082b3571-26b2-4657-ab7a-e7d729a183ef]>> Entering Package PhysObjectExtractorTool/PhysObjectExtractor
[MFLOG|0|2022-10-21T23:23:02.050856Z|runtime|42c1c8fc-827e-4155-9c37-6bec21fe80cd]------- copying files from src/PhysObjectExtractorTool/PhysObjectExtractor/scripts -------
[MFLOG|0|2022-10-21T23:23:02.050965Z|runtime|f12cefd2-dd2f-4a34-9115-46e87af2a93d]>> copied merge_trees.py
[MFLOG|0|2022-10-21T23:23:02.051074Z|runtime|590b2bea-6735-4201-b9e9-c22b034a2166]>> copied ntuples-gen.py
[MFLOG|0|2022-10-21T23:23:02.051766Z|runtime|9ddb70b1-7590-48f3-acad-7b11298f88e3]>> Creating project symlinks
[MFLOG|0|2022-10-21T23:23:02.052383Z|runtime|ebc1998f-68bc-4e29-9418-1d27efd3f788]  src/PhysObjectExtractorTool/PhysObjectExtractor/python -> python/PhysObjectExtractorTool/PhysObjectExtractor
[MFLOG|0|2022-10-21T23:23:02.052996Z|runtime|4f4673d7-754d-44c6-8a7d-1e66ef939837]Entering library rule at PhysObjectExtractorTool/PhysObjectExtractor
[MFLOG|0|2022-10-21T23:23:02.053561Z|runtime|53e15621-ae72-4d92-bc1b-93fc8468bdde]>> Compiling edm plugin /code/CMSSW_7_6_7/src/PhysObjectExtractorTool/PhysObjectExtractor/src/ElectronAnalyzer.cc 
[MFLOG|0|2022-10-21T23:23:02.054123Z|runtime|bfb22f0e-699e-4637-bce9-f03113077a05]>> Compiling edm plugin /code/CMSSW_7_6_7/src/PhysObjectExtractorTool/PhysObjectExtractor/src/FatjetAnalyzer.cc 
[MFLOG|0|2022-10-21T23:23:02.054643Z|runtime|339ebaec-e4b0-47c3-a652-dcd0458f0f53]>> Compiling edm plugin /code/CMSSW_7_6_7/src/PhysObjectExtractorTool/PhysObjectExtractor/src/GenParticleAnalyzer.cc 
[MFLOG|0|2022-10-21T23:23:02.055215Z|runtime|7c770e58-a3bb-4ea7-8f58-ff53c11d9d8f]>> Compiling edm plugin /code/CMSSW_7_6_7/src/PhysObjectExtractorTool/PhysObjectExtractor/src/JetAnalyzer.cc 
[MFLOG|0|2022-10-21T23:23:02.055727Z|runtime|e3980eeb-18bb-4d66-b453-e1c2b64f1398]>> Compiling edm plugin /code/CMSSW_7_6_7/src/PhysObjectExtractorTool/PhysObjectExtractor/src/MetAnalyzer.cc 
[MFLOG|0|2022-10-21T23:23:02.056242Z|runtime|7ae0765c-364a-4f04-88a9-0046a86712a3]>> Compiling edm plugin /code/CMSSW_7_6_7/src/PhysObjectExtractorTool/PhysObjectExtractor/src/MuonAnalyzer.cc 
[MFLOG|0|2022-10-21T23:23:02.056784Z|runtime|b6dbda85-0e14-43cc-86a6-d60c001d62e5]>> Compiling edm plugin /code/CMSSW_7_6_7/src/PhysObjectExtractorTool/PhysObjectExtractor/src/PhotonAnalyzer.cc 
[MFLOG|0|2022-10-21T23:23:02.057295Z|runtime|fdfca4b5-8d9b-4a9f-aa14-dae2cab274c1]>> Compiling edm plugin /code/CMSSW_7_6_7/src/PhysObjectExtractorTool/PhysObjectExtractor/src/SimpleEleMuFilter.cc 
[MFLOG|0|2022-10-21T23:23:02.057832Z|runtime|b1983265-5e3b-4050-9080-1eced2c82105]>> Compiling edm plugin /code/CMSSW_7_6_7/src/PhysObjectExtractorTool/PhysObjectExtractor/src/SimpleTriggerAnalyzer.cc 
[MFLOG|0|2022-10-21T23:23:02.058353Z|runtime|30db35a3-9117-4f38-a658-72ffe4fe2faf]>> Compiling edm plugin /code/CMSSW_7_6_7/src/PhysObjectExtractorTool/PhysObjectExtractor/src/TauAnalyzer.cc 
[MFLOG|0|2022-10-21T23:23:02.059863Z|runtime|68f5dcef-eb90-4e7c-a828-cbdc821c5abf]>> Compiling edm plugin /code/CMSSW_7_6_7/src/PhysObjectExtractorTool/PhysObjectExtractor/src/TriggObjectAnalyzer.cc 
[MFLOG|0|2022-10-21T23:23:02.063305Z|runtime|a5584a09-0722-4ba0-a576-cb6b0a3ccfdf]>> Compiling edm plugin /code/CMSSW_7_6_7/src/PhysObjectExtractorTool/PhysObjectExtractor/src/TriggerAnalyzer.cc 
[MFLOG|0|2022-10-21T23:23:02.064407Z|runtime|9c1ba315-448c-4bd0-81eb-29b226f46b99]>> Compiling edm plugin /code/CMSSW_7_6_7/src/PhysObjectExtractorTool/PhysObjectExtractor/src/VertexAnalyzer.cc 
[MFLOG|0|2022-10-21T23:23:02.071570Z|runtime|b151b664-9155-4abd-8c39-38d65dd70d73]>> Building edm plugin tmp/slc6_amd64_gcc493/src/PhysObjectExtractorTool/PhysObjectExtractor/src/PhysObjectExtractorToolPhysObjectExtractor/libPhysObjectExtractorToolPhysObjectExtractor.so
[MFLOG|0|2022-10-21T23:23:02.071733Z|runtime|d35c4a36-e39f-4b71-a9e1-51e6195b4ec5]Leaving library rule at PhysObjectExtractorTool/PhysObjectExtractor
[MFLOG|0|2022-10-21T23:23:02.071835Z|runtime|71a1f5bc-2b2c-43f3-9394-8c3e7b7994a1]@@@@ Running edmWriteConfigs for PhysObjectExtractorToolPhysObjectExtractor
[MFLOG|0|2022-10-21T23:23:02.071935Z|runtime|a21e21ec-7b00-4569-97d2-93ea5898535d]--- Registered EDM Plugin: PhysObjectExtractorToolPhysObjectExtractor
[MFLOG|0|2022-10-21T23:23:02.072033Z|runtime|c25aa82b-319e-47cb-bf4e-e37eb95b1ea0]>> Leaving Package PhysObjectExtractorTool/PhysObjectExtractor
[MFLOG|0|2022-10-21T23:23:02.072130Z|runtime|195a09ba-b3c4-4883-8ddc-b39da847bf81]>> Package PhysObjectExtractorTool/PhysObjectExtractor built
[MFLOG|0|2022-10-21T23:23:02.072226Z|runtime|9af9c556-b42d-47a3-909f-1dc85328e519]>> Local Products Rules ..... started
[MFLOG|0|2022-10-21T23:23:02.072321Z|runtime|ee68d636-4aba-4dd6-ab6d-bd569d2b7e5c]>> Local Products Rules ..... done
[MFLOG|0|2022-10-21T23:23:02.072414Z|runtime|fb7b9a0e-4fb1-444a-8444-c0fdf659af68]gmake[1]: Entering directory `/code/CMSSW_7_6_7'
[MFLOG|0|2022-10-21T23:23:02.072547Z|runtime|5f435ba4-5138-4051-9f9b-8227da621ac4]>> Creating project symlinks
[MFLOG|0|2022-10-21T23:23:02.072642Z|runtime|a1d57101-ebe5-4c72-98a0-080737d79098]  src/PhysObjectExtractorTool/PhysObjectExtractor/python -> python/PhysObjectExtractorTool/PhysObjectExtractor
[MFLOG|0|2022-10-21T23:23:02.072738Z|runtime|a677575e-0662-4882-87b0-075309dbc166]>> Done python_symlink
[MFLOG|0|2022-10-21T23:23:02.072831Z|runtime|f364dfb7-7300-4227-9be0-2b118e70a48b]>> Compiling python modules python
[MFLOG|0|2022-10-21T23:23:02.072937Z|runtime|60efa3f8-4ecc-4305-b7ca-5efa2821ef77]>> Compiling python modules src/PhysObjectExtractorTool/PhysObjectExtractor/python
[MFLOG|0|2022-10-21T23:23:02.073032Z|runtime|8305f734-0970-4974-80c0-40ecdd92543f]>> All python modules compiled
[MFLOG|0|2022-10-21T23:23:02.073126Z|runtime|f733ced9-4fea-4c73-893e-d3f285523aaa]@@@@ Refreshing Plugins:edmPluginRefresh
[MFLOG|0|2022-10-21T23:23:02.073220Z|runtime|68dd8f7b-78a0-4c32-bcfb-a023d3455e0f]>> Pluging of all type refreshed.
[MFLOG|0|2022-10-21T23:23:02.073318Z|runtime|dd6cf63b-a6bf-4908-869e-103c29935316]>> Done generating edm plugin poisoned information
[MFLOG|0|2022-10-21T23:23:02.073415Z|runtime|48f2043b-28c3-408d-b9e1-9b11aa99cb3b]gmake[1]: Leaving directory `/code/CMSSW_7_6_7'
[MFLOG|0|2022-10-21T23:23:02.073508Z|runtime|dd876c8f-4d3c-40fa-a625-ab9d0baa5188]2
[MFLOG|0|2022-10-21T23:23:02.073602Z|runtime|2bbe0abf-7cc6-42eb-bdd8-ff7c8945e846]# Conditions read from  CMS_CONDITIONS  via FrontierProd 
[MFLOG|0|2022-10-21T23:23:02.073706Z|runtime|0e9dd652-bfa6-47b5-8def-f9ef8bc83ce9]HLTConfig has changed for this Run. . . 
[MFLOG|0|2022-10-21T23:23:02.073801Z|runtime|a73d00d5-4843-4ccb-b912-7f3054200fd6]TrackerParametersESModule::produce(const PTrackerParametersRcd& iRecord)
[MFLOG|0|2022-10-21T23:23:02.073894Z|runtime|952686cf-271f-4396-8202-8b1de4597ebb]39300
[MFLOG|0|2022-10-21T23:23:02.073991Z|runtime|0868be18-8135-4294-a36e-d0a7ff43e54c]39300
[MFLOG|0|2022-10-21T23:23:02.074090Z|runtime|10b9d90a-9986-4c6e-ba80-baf6aef1dfbf]
[MFLOG|0|2022-10-21T23:23:02.074185Z|runtime|f0caf0ae-d42b-4858-96fb-b15fea9fb49c]Return Code: 1
[MFLOG|0|2022-10-21T23:23:02.074279Z|runtime|7c86861a-85e6-49a7-98e1-882078567edb]The error is: 
[MFLOG|0|2022-10-21T23:23:02.074383Z|runtime|9080a66c-97c6-4cc8-ab87-35405c84a068] WARNING: In non-interactive mode release checks e.g. deprecated releases, production architectures are disabled.
[MFLOG|0|2022-10-21T23:23:02.074480Z|runtime|29d27fc2-c492-4899-ba88-5b5cf5dbaef3]/home/abd/Desktop/Work/Metaflow/CMS-Analysis/shell-scripts/Bash/runpoet-bash.sh: line 4: cd: CMSSW_7_6_7/src: No such file or directory
[MFLOG|0|2022-10-21T23:23:02.074577Z|runtime|f394a56b-f4b4-4973-9d8c-33147ff7c0fb]WARNING: In non-interactive mode release checks e.g. deprecated releases, production architectures are disabled.
[MFLOG|0|2022-10-21T23:23:02.074673Z|runtime|116f7b2a-9b0f-4f94-b3c1-5605b8ef996f]WARNING: There already exists /code/CMSSW_7_6_7 area for SCRAM_ARCH slc6_amd64_gcc493.
[MFLOG|0|2022-10-21T23:23:02.074808Z|runtime|a3365ef0-ce5c-4b18-a174-f61d4e5e13a8]Cloning into 'PhysObjectExtractorTool'...
[MFLOG|0|2022-10-21T23:23:02.074948Z|runtime|3d205e81-69b4-4def-88df-23a3893429dc]22-Oct-2022 00:23:53 CEST  Initiating request to open file root://eospublic.cern.ch//eos/opendata/cms/mc/RunIIFall15MiniAODv2/ST_t-channel_antitop_4f_leptonDecays_13TeV-powheg-pythia8_TuneCUETP8M1/MINIAODSIM/PU25nsData2015v1_76X_mcRun2_asymptotic_v12-v1/10000/06EB835B-26C7-E511-A842-001E67398D72.root
[MFLOG|0|2022-10-21T23:23:02.075128Z|runtime|aafefebb-fbd4-4eb1-8f26-a5e0c07186b2]%MSG-w XrdAdaptor:  file_open 22-Oct-2022 00:23:55 CEST pre-events
[MFLOG|0|2022-10-21T23:23:02.075634Z|runtime|e7267830-1776-4a08-b683-c024b8222e9e]Data is served from cern.ch instead of original site eospublic
[MFLOG|0|2022-10-21T23:23:02.075833Z|runtime|5a12f1f1-96cc-4e64-a3ea-0677cebf4d76]%MSG
[MFLOG|0|2022-10-21T23:23:02.076017Z|runtime|beef9b77-ea14-4cd6-b149-7562aa0926d3]22-Oct-2022 00:23:57 CEST  Successfully opened file root://eospublic.cern.ch//eos/opendata/cms/mc/RunIIFall15MiniAODv2/ST_t-channel_antitop_4f_leptonDecays_13TeV-powheg-pythia8_TuneCUETP8M1/MINIAODSIM/PU25nsData2015v1_76X_mcRun2_asymptotic_v12-v1/10000/06EB835B-26C7-E511-A842-001E67398D72.root
[MFLOG|0|2022-10-21T23:23:02.076187Z|runtime|72155765-81f4-4070-a06b-4a1131e4c4d6]22-Oct-2022 00:54:51 CEST  Closed file root://eospublic.cern.ch//eos/opendata/cms/mc/RunIIFall15MiniAODv2/ST_t-channel_antitop_4f_leptonDecays_13TeV-powheg-pythia8_TuneCUETP8M1/MINIAODSIM/PU25nsData2015v1_76X_mcRun2_asymptotic_v12-v1/10000/06EB835B-26C7-E511-A842-001E67398D72.root
[MFLOG|0|2022-10-21T23:23:02.076356Z|runtime|ec4c9e4b-df23-4ea3-af87-639e712a6994]22-Oct-2022 00:54:51 CEST  Initiating request to open file root://eospublic.cern.ch//eos/opendata/cms/mc/RunIIFall15MiniAODv2/ST_t-channel_antitop_4f_leptonDecays_13TeV-powheg-pythia8_TuneCUETP8M1/MINIAODSIM/PU25nsData2015v1_76X_mcRun2_asymptotic_v12-v1/10000/18C46A5C-26C7-E511-B73B-002590A83308.root
[MFLOG|0|2022-10-21T23:23:02.076537Z|runtime|f054dce6-5f97-4f5f-9bc6-561da3a05b43]%MSG-w XrdAdaptor:  file_open 22-Oct-2022 00:54:52 CEST PostProcessEvent
[MFLOG|0|2022-10-21T23:23:02.076684Z|runtime|358e7414-f886-4dd9-8063-30e86126aadd]Data is served from cern.ch instead of original site eospublic
[MFLOG|0|2022-10-21T23:23:02.076838Z|runtime|01c06d48-3060-4889-a2da-9cffbcb35610]%MSG
[MFLOG|0|2022-10-21T23:23:02.077021Z|runtime|bf64672a-113a-4168-83f0-f2e6326c223a]22-Oct-2022 00:54:52 CEST  Successfully opened file root://eospublic.cern.ch//eos/opendata/cms/mc/RunIIFall15MiniAODv2/ST_t-channel_antitop_4f_leptonDecays_13TeV-powheg-pythia8_TuneCUETP8M1/MINIAODSIM/PU25nsData2015v1_76X_mcRun2_asymptotic_v12-v1/10000/18C46A5C-26C7-E511-B73B-002590A83308.root
[MFLOG|0|2022-10-21T23:23:02.077214Z|runtime|d972235c-25c5-4511-a0f1-e859eee2e76a][2022-10-22 00:57:55.059683 +0200][Error  ][XRootD            ] [st-096-gg561z95.cern.ch:1095] Unable to get the response to request kXR_close (handle: 0x00000000)
[MFLOG|0|2022-10-21T23:23:02.077419Z|runtime|f1a1bcdd-c9bb-47a1-9be2-00779ea393f0]%MSG-w XrdFileWarning:  (NoModuleName) 22-Oct-2022 00:57:55 CEST pre-events
[MFLOG|0|2022-10-21T23:23:02.077568Z|runtime|11fd368e-dd62-4cbb-b8cf-782ae3eda7b4]Source delayed close failed with error '[ERROR] Operation expired' (errno=0, code=206, server=st-096-gg561z95.cern.ch:1095, site=cern.ch)
[MFLOG|0|2022-10-21T23:23:02.077709Z|runtime|910b5ba1-7c65-4bc0-bf86-bbe4155fc134]%MSG
[MFLOG|0|2022-10-21T23:23:02.078367Z|runtime|f4f7acca-1a5a-411e-bcda-66f80d7e33f0][2022-10-22 01:11:37.740845 +0200][Error  ][AsyncSock         ] [st-096-gg561z95.cern.ch:1095 #0.0] Socket error encountered: [ERROR] Socket error: Connection timed out
[MFLOG|0|2022-10-21T23:23:02.078612Z|runtime|129d8e0b-4d81-415e-b64f-0ed351b1c27a]22-Oct-2022 01:22:53 CEST  Closed file root://eospublic.cern.ch//eos/opendata/cms/mc/RunIIFall15MiniAODv2/ST_t-channel_antitop_4f_leptonDecays_13TeV-powheg-pythia8_TuneCUETP8M1/MINIAODSIM/PU25nsData2015v1_76X_mcRun2_asymptotic_v12-v1/10000/18C46A5C-26C7-E511-B73B-002590A83308.root
[MFLOG|0|2022-10-21T23:23:02.078805Z|runtime|4b88d4cf-4126-4410-8783-da34388a2733]
[MFLOG|0|2022-10-21T23:23:02.078993Z|runtime|dd4ea57b-bb3e-4567-bb5c-b96d10b338df]=============================================
[MFLOG|0|2022-10-21T23:23:02.079723Z|runtime|6e623819-252c-43fb-a54d-3066b5b37d1a]
[MFLOG|0|2022-10-21T23:23:02.079976Z|runtime|cdaea13a-8674-4f46-b22b-2238f071715d]MessageLogger Summary
[MFLOG|0|2022-10-21T23:23:02.080218Z|runtime|9063073e-1ce2-4fe6-8dd6-2e1cdb4fea32]
[MFLOG|0|2022-10-21T23:23:02.080400Z|runtime|07a9012f-72e8-4265-956b-46b44bda5865] type     category        sev    module        subroutine        count    total
[MFLOG|0|2022-10-21T23:23:02.080589Z|runtime|951fa198-2a45-497b-a718-37aa1326e2f2] ---- -------------------- -- ---------------- ----------------  -----    -----
[MFLOG|0|2022-10-21T23:23:02.086822Z|runtime|df5f3e20-150d-4991-afc1-3142329a7e08]    1 XrdAdaptor           -w file_open                              2        2
[MFLOG|0|2022-10-21T23:23:02.087108Z|runtime|72a5d511-5e6d-467f-bdba-037ccf153550]    2 XrdFileWarning       -w (NoModuleName)                         1        1
[MFLOG|0|2022-10-21T23:23:02.087265Z|runtime|eedf3687-a5c1-418c-9650-a642905b6939]    3 fileAction           -s file_close                             2        2
[MFLOG|0|2022-10-21T23:23:02.087410Z|runtime|a35416f6-9181-49c3-850f-3a51636ce526]    4 fileAction           -s file_open                              4        4
[MFLOG|0|2022-10-21T23:23:02.087547Z|runtime|19a97791-aff6-41ed-b269-49d27e8c7d96]
[MFLOG|0|2022-10-21T23:23:02.087685Z|runtime|a96bcf9f-a0cd-4dde-9634-34772ff75442] type    category    Examples: run/evt        run/evt          run/evt
[MFLOG|0|2022-10-21T23:23:02.087817Z|runtime|0d686057-504f-4125-8ae9-866d1c15f1c0] ---- -------------------- ---------------- ---------------- ----------------
[MFLOG|0|2022-10-21T23:23:02.087962Z|runtime|dee3fdef-bfcd-43cc-996f-c76cdab82181]    1 XrdAdaptor           pre-events       PostProcessEvent 
[MFLOG|0|2022-10-21T23:23:02.088093Z|runtime|ab1f410e-c2b5-477b-8010-23b2abb658bd]    2 XrdFileWarning       pre-events                        
[MFLOG|0|2022-10-21T23:23:02.088687Z|runtime|2eb20062-d730-4552-81f4-fdd21a16143e]    3 fileAction           PostProcessEvent PostEndRun       
[MFLOG|0|2022-10-21T23:23:02.088903Z|runtime|4aa71a33-be43-48f3-9d73-4ae474d5d863]    4 fileAction           pre-events       pre-events       PostProcessEvent
[MFLOG|0|2022-10-21T23:23:02.089082Z|runtime|9e448623-ed93-4084-bf0c-bf450cd04ca2]
[MFLOG|0|2022-10-21T23:23:02.089245Z|runtime|251f98cd-586a-4d43-95de-45ad6caac67a]Severity    # Occurrences   Total Occurrences
[MFLOG|0|2022-10-21T23:23:02.089423Z|runtime|89cb51bd-a891-42b9-b043-f25996749879]--------    -------------   -----------------
[MFLOG|0|2022-10-21T23:23:03.289776Z|runtime|03d1ae51-6195-4944-92cc-919ae72b9024]Warning                 3                   3
[MFLOG|0|2022-10-21T23:23:03.289997Z|runtime|b2615d84-e39a-48a9-921e-3af9dedc9824]System                  6                   6
[MFLOG|0|2022-10-21T23:23:03.290118Z|runtime|b8b30815-bb91-4289-bb51-d301f289d485]Error response from daemon: No such container: cmssw-19407
[MFLOG|0|2022-10-21T23:23:03.290229Z|runtime|c2cfa62c-15ed-4f76-873a-77605070c449]
