Building DAG of jobs...
Using shell: /usr/bin/bash
Provided cores: 4
Rules claiming more threads will be scaled down.
Job counts:
	count	jobs
	1	all
	1	pullCommand
	2

[Sat Nov 12 11:41:09 2022]
rule pullCommand:
    output: /home/abd/Desktop/Work/Snakemake/CMS-Analysis/pull.txt
    jobid: 1
    wildcards: dir_path=/home/abd/Desktop/Work/Snakemake/CMS-Analysis

[Sat Nov 12 11:42:30 2022]
Error in rule pullCommand:
    jobid: 1
    output: /home/abd/Desktop/Work/Snakemake/CMS-Analysis/pull.txt
    shell:
        
        
        docker pull ubuntu:latest
        docker pull cernopendata/cernopendata-client:0.3.0
        docker pull cmsopendata/cmssw_7_6_7-slc6_amd64_gcc493
        docker pull gitlab-registry.cern.ch/cms-cloud/python-vnc:latest
        echo "Done Pulling !">>{dir_path}/pull.txt
        
        
        (one of the commands exited with non-zero exit code; note that snakemake uses bash strict mode!)

Shutting down, this might take some time.
Exiting because a job execution failed. Look above for error message
Complete log: /home/abd/Desktop/Work/Snakemake/CMS-Analysis/.snakemake/log/2022-11-12T114109.266938.snakemake.log
