Building DAG of jobs...
Using shell: /usr/bin/bash
Provided cores: 4
Rules claiming more threads will be scaled down.
Job counts:
	count	jobs
	1	all
	1	prepareCommand
	2

[Sat Nov 12 13:29:57 2022]
rule prepareCommand:
    input: /home/abd/Desktop/Work/Snakemake/CMS-Analysis/pull.txt
    output: /home/abd/Desktop/Work/Snakemake/CMS-Analysis/vol/code, /home/abd/Desktop/Work/Snakemake/CMS-Analysis/vol/data, /home/abd/Desktop/Work/Snakemake/CMS-Analysis/vol/nevents, /home/abd/Desktop/Work/Snakemake/CMS-Analysis/vol/output
    jobid: 2

[Sat Nov 12 13:29:58 2022]
Finished job 2.
1 of 2 steps (50%) done

[Sat Nov 12 13:29:58 2022]
localrule all:
    input: /home/abd/Desktop/Work/Snakemake/CMS-Analysis/pull.txt, /home/abd/Desktop/Work/Snakemake/CMS-Analysis/vol/code, /home/abd/Desktop/Work/Snakemake/CMS-Analysis/vol/data, /home/abd/Desktop/Work/Snakemake/CMS-Analysis/vol/nevents, /home/abd/Desktop/Work/Snakemake/CMS-Analysis/vol/output
    jobid: 0

[Sat Nov 12 13:29:58 2022]
Finished job 0.
2 of 2 steps (100%) done
Complete log: /home/abd/Desktop/Work/Snakemake/CMS-Analysis/.snakemake/log/2022-11-12T132957.382297.snakemake.log
