Building DAG of jobs...
Using shell: /usr/bin/bash
Provided cores: 4
Rules claiming more threads will be scaled down.
Job counts:
	count	jobs
	1	all
	1	prepareCommand
	2

[Sat Nov 12 19:33:56 2022]
rule prepareCommand:
    input: /home/abd/Desktop/Work/Snakemake/CMS-Analysis/pull.txt
    output: .mkdir.chkpnt
    jobid: 2

Touching output file .mkdir.chkpnt.
[Sat Nov 12 19:33:57 2022]
Finished job 2.
1 of 2 steps (50%) done

[Sat Nov 12 19:33:57 2022]
localrule all:
    input: /home/abd/Desktop/Work/Snakemake/CMS-Analysis/pull.txt, .mkdir.chkpnt
    jobid: 0

[Sat Nov 12 19:33:57 2022]
Finished job 0.
2 of 2 steps (100%) done
Complete log: /home/abd/Desktop/Work/Snakemake/CMS-Analysis/.snakemake/log/2022-11-12T193356.799180.snakemake.log
