Building DAG of jobs...
Using shell: /usr/bin/bash
Provided cores: 4
Rules claiming more threads will be scaled down.
Job counts:
	count	jobs
	1	all
	12	flattentreesCommand
	1	prepareCoffeaCommand
	1	runCoffeaCommand
	12	runpoetCommand
	27

[Sat Nov 19 00:03:32 2022]
rule runpoetCommand:
    input: /home/abd/Desktop/Work/Snakemake/CMS-Analysis/vol/files_24119.txt, /home/abd/Desktop/Work/Snakemake/CMS-Analysis/vol/files_24120.txt, /home/abd/Desktop/Work/Snakemake/CMS-Analysis/vol/files_19980.txt, /home/abd/Desktop/Work/Snakemake/CMS-Analysis/vol/files_19983.txt, /home/abd/Desktop/Work/Snakemake/CMS-Analysis/vol/files_19985.txt, /home/abd/Desktop/Work/Snakemake/CMS-Analysis/vol/files_19949.txt, /home/abd/Desktop/Work/Snakemake/CMS-Analysis/vol/files_19999.txt, /home/abd/Desktop/Work/Snakemake/CMS-Analysis/vol/files_19397.txt, /home/abd/Desktop/Work/Snakemake/CMS-Analysis/vol/files_19407.txt, /home/abd/Desktop/Work/Snakemake/CMS-Analysis/vol/files_19419.txt, /home/abd/Desktop/Work/Snakemake/CMS-Analysis/vol/files_19412.txt, /home/abd/Desktop/Work/Snakemake/CMS-Analysis/vol/files_20548.txt
    output: /home/abd/Desktop/Work/Snakemake/CMS-Analysis/vol/output/19419/myoutput.root
    jobid: 24
    wildcards: vol_path=/home/abd/Desktop/Work/Snakemake/CMS-Analysis/vol, recid=19419


[Sat Nov 19 00:03:32 2022]
rule runpoetCommand:
    input: /home/abd/Desktop/Work/Snakemake/CMS-Analysis/vol/files_24119.txt, /home/abd/Desktop/Work/Snakemake/CMS-Analysis/vol/files_24120.txt, /home/abd/Desktop/Work/Snakemake/CMS-Analysis/vol/files_19980.txt, /home/abd/Desktop/Work/Snakemake/CMS-Analysis/vol/files_19983.txt, /home/abd/Desktop/Work/Snakemake/CMS-Analysis/vol/files_19985.txt, /home/abd/Desktop/Work/Snakemake/CMS-Analysis/vol/files_19949.txt, /home/abd/Desktop/Work/Snakemake/CMS-Analysis/vol/files_19999.txt, /home/abd/Desktop/Work/Snakemake/CMS-Analysis/vol/files_19397.txt, /home/abd/Desktop/Work/Snakemake/CMS-Analysis/vol/files_19407.txt, /home/abd/Desktop/Work/Snakemake/CMS-Analysis/vol/files_19419.txt, /home/abd/Desktop/Work/Snakemake/CMS-Analysis/vol/files_19412.txt, /home/abd/Desktop/Work/Snakemake/CMS-Analysis/vol/files_20548.txt
    output: /home/abd/Desktop/Work/Snakemake/CMS-Analysis/vol/output/24120/myoutput.root
    jobid: 16
    wildcards: vol_path=/home/abd/Desktop/Work/Snakemake/CMS-Analysis/vol, recid=24120


[Sat Nov 19 00:03:32 2022]
rule runpoetCommand:
    input: /home/abd/Desktop/Work/Snakemake/CMS-Analysis/vol/files_24119.txt, /home/abd/Desktop/Work/Snakemake/CMS-Analysis/vol/files_24120.txt, /home/abd/Desktop/Work/Snakemake/CMS-Analysis/vol/files_19980.txt, /home/abd/Desktop/Work/Snakemake/CMS-Analysis/vol/files_19983.txt, /home/abd/Desktop/Work/Snakemake/CMS-Analysis/vol/files_19985.txt, /home/abd/Desktop/Work/Snakemake/CMS-Analysis/vol/files_19949.txt, /home/abd/Desktop/Work/Snakemake/CMS-Analysis/vol/files_19999.txt, /home/abd/Desktop/Work/Snakemake/CMS-Analysis/vol/files_19397.txt, /home/abd/Desktop/Work/Snakemake/CMS-Analysis/vol/files_19407.txt, /home/abd/Desktop/Work/Snakemake/CMS-Analysis/vol/files_19419.txt, /home/abd/Desktop/Work/Snakemake/CMS-Analysis/vol/files_19412.txt, /home/abd/Desktop/Work/Snakemake/CMS-Analysis/vol/files_20548.txt
    output: /home/abd/Desktop/Work/Snakemake/CMS-Analysis/vol/output/19983/myoutput.root
    jobid: 18
    wildcards: vol_path=/home/abd/Desktop/Work/Snakemake/CMS-Analysis/vol, recid=19983


[Sat Nov 19 00:03:32 2022]
rule runpoetCommand:
    input: /home/abd/Desktop/Work/Snakemake/CMS-Analysis/vol/files_24119.txt, /home/abd/Desktop/Work/Snakemake/CMS-Analysis/vol/files_24120.txt, /home/abd/Desktop/Work/Snakemake/CMS-Analysis/vol/files_19980.txt, /home/abd/Desktop/Work/Snakemake/CMS-Analysis/vol/files_19983.txt, /home/abd/Desktop/Work/Snakemake/CMS-Analysis/vol/files_19985.txt, /home/abd/Desktop/Work/Snakemake/CMS-Analysis/vol/files_19949.txt, /home/abd/Desktop/Work/Snakemake/CMS-Analysis/vol/files_19999.txt, /home/abd/Desktop/Work/Snakemake/CMS-Analysis/vol/files_19397.txt, /home/abd/Desktop/Work/Snakemake/CMS-Analysis/vol/files_19407.txt, /home/abd/Desktop/Work/Snakemake/CMS-Analysis/vol/files_19419.txt, /home/abd/Desktop/Work/Snakemake/CMS-Analysis/vol/files_19412.txt, /home/abd/Desktop/Work/Snakemake/CMS-Analysis/vol/files_20548.txt
    output: /home/abd/Desktop/Work/Snakemake/CMS-Analysis/vol/output/19949/myoutput.root
    jobid: 20
    wildcards: vol_path=/home/abd/Desktop/Work/Snakemake/CMS-Analysis/vol, recid=19949

[Sat Nov 19 00:19:24 2022]
Error in rule runpoetCommand:
    jobid: 16
    output: /home/abd/Desktop/Work/Snakemake/CMS-Analysis/vol/output/24120/myoutput.root
    shell:
        
        
        docker run         --name cmssw-24120         --mount type=bind,source=/home/abd/Desktop/Work/Snakemake/CMS-Analysis,target=/home/abd/Desktop/Work/Snakemake/CMS-Analysis         cmsopendata/cmssw_7_6_7-slc6_amd64_gcc493         bash /home/abd/Desktop/Work/Snakemake/CMS-Analysis/shell-scripts/Bash/runpoet-bash.sh /home/abd/Desktop/Work/Snakemake/CMS-Analysis/vol 2 24120 1 &&         docker stop cmssw-24120 &&         docker rm cmssw-24120
        
        
        (one of the commands exited with non-zero exit code; note that snakemake uses bash strict mode!)

Terminating processes on user request, this might take some time.
Cancelling snakemake on user request.
