Building DAG of jobs...
Using shell: /usr/bin/bash
Provided cores: 4
Rules claiming more threads will be scaled down.
Job counts:
	count	jobs
	1	all
	1	prepareCommand
	2

[Sat Nov 12 13:23:17 2022]
rule prepareCommand:
    input: /home/abd/Desktop/Work/Snakemake/CMS-Analysis/pull.txt
    output: /home/abd/Desktop/Work/Snakemake/CMS-Analysis/vol/code, /home/abd/Desktop/Work/Snakemake/CMS-Analysis/vol/data, /home/abd/Desktop/Work/Snakemake/CMS-Analysis/vol/nevents, /home/abd/Desktop/Work/Snakemake/CMS-Analysis/vol/output
    jobid: 2

[Sat Nov 12 13:23:18 2022]
Error in rule prepareCommand:
    jobid: 2
    output: /home/abd/Desktop/Work/Snakemake/CMS-Analysis/vol/code, /home/abd/Desktop/Work/Snakemake/CMS-Analysis/vol/data, /home/abd/Desktop/Work/Snakemake/CMS-Analysis/vol/nevents, /home/abd/Desktop/Work/Snakemake/CMS-Analysis/vol/output
    shell:
        
        
        docker run         --rm         --name ubuntu         --mount type=bind,source=/home/abd/Desktop/Work/Snakemake/CMS-Analysis,target=/home/abd/Desktop/Work/Snakemake/CMS-Analysis         ubuntu:latest         bash /home/abd/Desktop/Work/Snakemake/CMS-Analysis/shell-scripts/Bash/prepare-bash.sh /home/abd/Desktop/Work/Snakemake/CMS-Analysis/vol &&         docker stop ubuntu &&         docker rm ubuntu
        
        
        (one of the commands exited with non-zero exit code; note that snakemake uses bash strict mode!)

Removing output files of failed job prepareCommand since they might be corrupted:
/home/abd/Desktop/Work/Snakemake/CMS-Analysis/vol/code, /home/abd/Desktop/Work/Snakemake/CMS-Analysis/vol/data, /home/abd/Desktop/Work/Snakemake/CMS-Analysis/vol/nevents, /home/abd/Desktop/Work/Snakemake/CMS-Analysis/vol/output
Shutting down, this might take some time.
Exiting because a job execution failed. Look above for error message
Complete log: /home/abd/Desktop/Work/Snakemake/CMS-Analysis/.snakemake/log/2022-11-12T132317.825958.snakemake.log
