Building DAG of jobs...
Using shell: /usr/bin/bash
Provided cores: 4
Rules claiming more threads will be scaled down.
Job counts:
	count	jobs
	1	all
	1	pullCommand
	2

[Sat Nov 12 11:43:54 2022]
rule pullCommand:
    output: /home/abd/Desktop/Work/Snakemake/CMS-Analysis/pull.txt
    jobid: 1
    wildcards: dir_path=/home/abd/Desktop/Work/Snakemake/CMS-Analysis

[Sat Nov 12 11:44:02 2022]
Finished job 1.
1 of 2 steps (50%) done

[Sat Nov 12 11:44:02 2022]
localrule all:
    input: /home/abd/Desktop/Work/Snakemake/CMS-Analysis/pull.txt
    jobid: 0

[Sat Nov 12 11:44:02 2022]
Finished job 0.
2 of 2 steps (100%) done
Complete log: /home/abd/Desktop/Work/Snakemake/CMS-Analysis/.snakemake/log/2022-11-12T114354.170586.snakemake.log
