Building DAG of jobs...
Using shell: /usr/bin/bash
Provided cores: 4
Rules claiming more threads will be scaled down.
Job counts:
	count	jobs
	1	all
	12	flattentreesCommand
	1	prepareCoffeaCommand
	1	runCoffeaCommand
	4	runpoetCommand
	19

[Sat Nov 19 20:54:03 2022]
rule runpoetCommand:
    input: /home/abd/Desktop/Work/Snakemake/CMS-Analysis/vol/files_24119.txt, /home/abd/Desktop/Work/Snakemake/CMS-Analysis/vol/files_24120.txt, /home/abd/Desktop/Work/Snakemake/CMS-Analysis/vol/files_19980.txt, /home/abd/Desktop/Work/Snakemake/CMS-Analysis/vol/files_19983.txt, /home/abd/Desktop/Work/Snakemake/CMS-Analysis/vol/files_19985.txt, /home/abd/Desktop/Work/Snakemake/CMS-Analysis/vol/files_19949.txt, /home/abd/Desktop/Work/Snakemake/CMS-Analysis/vol/files_19999.txt, /home/abd/Desktop/Work/Snakemake/CMS-Analysis/vol/files_19397.txt, /home/abd/Desktop/Work/Snakemake/CMS-Analysis/vol/files_19407.txt, /home/abd/Desktop/Work/Snakemake/CMS-Analysis/vol/files_19419.txt, /home/abd/Desktop/Work/Snakemake/CMS-Analysis/vol/files_19412.txt, /home/abd/Desktop/Work/Snakemake/CMS-Analysis/vol/files_20548.txt
    output: /home/abd/Desktop/Work/Snakemake/CMS-Analysis/vol/output/19407/myoutput.root
    jobid: 23
    wildcards: vol_path=/home/abd/Desktop/Work/Snakemake/CMS-Analysis/vol, recid=19407


[Sat Nov 19 20:54:03 2022]
rule runpoetCommand:
    input: /home/abd/Desktop/Work/Snakemake/CMS-Analysis/vol/files_24119.txt, /home/abd/Desktop/Work/Snakemake/CMS-Analysis/vol/files_24120.txt, /home/abd/Desktop/Work/Snakemake/CMS-Analysis/vol/files_19980.txt, /home/abd/Desktop/Work/Snakemake/CMS-Analysis/vol/files_19983.txt, /home/abd/Desktop/Work/Snakemake/CMS-Analysis/vol/files_19985.txt, /home/abd/Desktop/Work/Snakemake/CMS-Analysis/vol/files_19949.txt, /home/abd/Desktop/Work/Snakemake/CMS-Analysis/vol/files_19999.txt, /home/abd/Desktop/Work/Snakemake/CMS-Analysis/vol/files_19397.txt, /home/abd/Desktop/Work/Snakemake/CMS-Analysis/vol/files_19407.txt, /home/abd/Desktop/Work/Snakemake/CMS-Analysis/vol/files_19419.txt, /home/abd/Desktop/Work/Snakemake/CMS-Analysis/vol/files_19412.txt, /home/abd/Desktop/Work/Snakemake/CMS-Analysis/vol/files_20548.txt
    output: /home/abd/Desktop/Work/Snakemake/CMS-Analysis/vol/output/19949/myoutput.root
    jobid: 20
    wildcards: vol_path=/home/abd/Desktop/Work/Snakemake/CMS-Analysis/vol, recid=19949


[Sat Nov 19 20:54:03 2022]
rule runpoetCommand:
    input: /home/abd/Desktop/Work/Snakemake/CMS-Analysis/vol/files_24119.txt, /home/abd/Desktop/Work/Snakemake/CMS-Analysis/vol/files_24120.txt, /home/abd/Desktop/Work/Snakemake/CMS-Analysis/vol/files_19980.txt, /home/abd/Desktop/Work/Snakemake/CMS-Analysis/vol/files_19983.txt, /home/abd/Desktop/Work/Snakemake/CMS-Analysis/vol/files_19985.txt, /home/abd/Desktop/Work/Snakemake/CMS-Analysis/vol/files_19949.txt, /home/abd/Desktop/Work/Snakemake/CMS-Analysis/vol/files_19999.txt, /home/abd/Desktop/Work/Snakemake/CMS-Analysis/vol/files_19397.txt, /home/abd/Desktop/Work/Snakemake/CMS-Analysis/vol/files_19407.txt, /home/abd/Desktop/Work/Snakemake/CMS-Analysis/vol/files_19419.txt, /home/abd/Desktop/Work/Snakemake/CMS-Analysis/vol/files_19412.txt, /home/abd/Desktop/Work/Snakemake/CMS-Analysis/vol/files_20548.txt
    output: /home/abd/Desktop/Work/Snakemake/CMS-Analysis/vol/output/19419/myoutput.root
    jobid: 24
    wildcards: vol_path=/home/abd/Desktop/Work/Snakemake/CMS-Analysis/vol, recid=19419


[Sat Nov 19 20:54:03 2022]
rule runpoetCommand:
    input: /home/abd/Desktop/Work/Snakemake/CMS-Analysis/vol/files_24119.txt, /home/abd/Desktop/Work/Snakemake/CMS-Analysis/vol/files_24120.txt, /home/abd/Desktop/Work/Snakemake/CMS-Analysis/vol/files_19980.txt, /home/abd/Desktop/Work/Snakemake/CMS-Analysis/vol/files_19983.txt, /home/abd/Desktop/Work/Snakemake/CMS-Analysis/vol/files_19985.txt, /home/abd/Desktop/Work/Snakemake/CMS-Analysis/vol/files_19949.txt, /home/abd/Desktop/Work/Snakemake/CMS-Analysis/vol/files_19999.txt, /home/abd/Desktop/Work/Snakemake/CMS-Analysis/vol/files_19397.txt, /home/abd/Desktop/Work/Snakemake/CMS-Analysis/vol/files_19407.txt, /home/abd/Desktop/Work/Snakemake/CMS-Analysis/vol/files_19419.txt, /home/abd/Desktop/Work/Snakemake/CMS-Analysis/vol/files_19412.txt, /home/abd/Desktop/Work/Snakemake/CMS-Analysis/vol/files_20548.txt
    output: /home/abd/Desktop/Work/Snakemake/CMS-Analysis/vol/output/19985/myoutput.root
    jobid: 19
    wildcards: vol_path=/home/abd/Desktop/Work/Snakemake/CMS-Analysis/vol, recid=19985

[Sat Nov 19 21:31:19 2022]
Finished job 19.
1 of 19 steps (5%) done
[Sat Nov 19 21:32:41 2022]
Finished job 20.
2 of 19 steps (11%) done
Terminating processes on user request, this might take some time.
Cancelling snakemake on user request.
