Building DAG of jobs...
Using shell: /usr/bin/bash
Provided cores: 4
Rules claiming more threads will be scaled down.
Job counts:
	count	jobs
	1	all
	1	runpoetCommand
	2

[Sat Nov 12 16:11:38 2022]
rule runpoetCommand:
    input: /home/abd/Desktop/Work/Snakemake/CMS-Analysis/vol/files_24119.txt
    output: 24119/myoutput.root
    jobid: 4
    wildcards: recid=24119

[Sat Nov 12 16:39:09 2022]
Error in rule runpoetCommand:
    jobid: 4
    output: 24119/myoutput.root
    shell:
        
        
        docker run         --name cmssw-24119         --mount type=bind,source=/home/abd/Desktop/Work/Snakemake/CMS-Analysis,target=/home/abd/Desktop/Work/Snakemake/CMS-Analysis         cmsopendata/cmssw_7_6_7-slc6_amd64_gcc493         bash /home/abd/Desktop/Work/Snakemake/CMS-Analysis/shell-scripts/Bash/runpoet-bash.sh /home/abd/Desktop/Work/Snakemake/CMS-Analysis/vol 2 24119 1 &&         docker stop cmssw-24119 &&         docker rm cmssw-24119 &&         mkdir -p /home/abd/Desktop/Work/Snakemake/CMS-Analysis/vol/output/24119/ &&         mv myoutput.root /home/abd/Desktop/Work/Snakemake/CMS-Analysis/vol/output/24119/
        
        
        (one of the commands exited with non-zero exit code; note that snakemake uses bash strict mode!)

Shutting down, this might take some time.
Exiting because a job execution failed. Look above for error message
Complete log: /home/abd/Desktop/Work/Snakemake/CMS-Analysis/.snakemake/log/2022-11-12T161138.407297.snakemake.log
