Building DAG of jobs...
Using shell: /usr/bin/bash
Provided cores: 4
Rules claiming more threads will be scaled down.
Job counts:
	count	jobs
	1	all
	1	runCoffeaCommand
	2

[Fri Nov 18 21:55:33 2022]
rule runCoffeaCommand:
    input: /home/abd/Desktop/Work/Snakemake/CMS-Analysis/vol/code/ntuples.json
    output: /home/abd/Desktop/Work/Snakemake/CMS-Analysis/vol/histograms.root
    jobid: 14
    wildcards: vol_path=/home/abd/Desktop/Work/Snakemake/CMS-Analysis/vol

[Fri Nov 18 21:55:33 2022]
Error in rule runCoffeaCommand:
    jobid: 14
    output: /home/abd/Desktop/Work/Snakemake/CMS-Analysis/vol/histograms.root
    shell:
        
        
        docker run         -i         -d         --name run-coffea         --mount type=bind,source=/home/abd/Desktop/Work/Snakemake/CMS-Analysis,target=/home/abd/Desktop/Work/Snakemake/CMS-Analysis         gitlab-registry.cern.ch/cms-cloud/python-vnc &&         docker start run-coffea &&         docker exec run-coffea bash /home/abd/Desktop/Work/Snakemake/CMS-Analysis/vol/code/commands.sh &&         docker stop run-coffea &&         docker rm run-coffea
        
        
        (one of the commands exited with non-zero exit code; note that snakemake uses bash strict mode!)

Shutting down, this might take some time.
Exiting because a job execution failed. Look above for error message
Complete log: /home/abd/Desktop/Work/Snakemake/CMS-Analysis/.snakemake/log/2022-11-18T215532.970639.snakemake.log
