Building DAG of jobs...
Using shell: /usr/bin/bash
Provided cores: 4
Rules claiming more threads will be scaled down.
Job counts:
	count	jobs
	1	all
	1	fileListCommand
	2

[Sat Nov 12 19:35:26 2022]
rule fileListCommand:
    input: .mkdir.chkpnt
    output: /home/abd/Desktop/Work/Snakemake/CMS-Analysis/vol/files_24119.txt
    jobid: 3
    wildcards: vol_path=/home/abd/Desktop/Work/Snakemake/CMS-Analysis/vol, recid=24119

[Sat Nov 12 19:35:30 2022]
Finished job 3.
1 of 2 steps (50%) done

[Sat Nov 12 19:35:30 2022]
localrule all:
    input: /home/abd/Desktop/Work/Snakemake/CMS-Analysis/pull.txt, .mkdir.chkpnt, /home/abd/Desktop/Work/Snakemake/CMS-Analysis/vol/files_24119.txt
    jobid: 0

[Sat Nov 12 19:35:30 2022]
Finished job 0.
2 of 2 steps (100%) done
Complete log: /home/abd/Desktop/Work/Snakemake/CMS-Analysis/.snakemake/log/2022-11-12T193526.511010.snakemake.log
