[MFLOG|0|2022-10-21T23:20:37.307020Z|runtime|7187a9a2-af87-4d02-96af-e0dff9574174]The command is: 
[MFLOG|0|2022-10-21T23:20:37.307325Z|runtime|6b253a71-867b-4524-bcfe-9070a5b9b6f7] 
[MFLOG|0|2022-10-21T23:20:37.308053Z|runtime|920eba9d-e34f-4331-951f-0972817fde39]        docker run         --rm         --name cmssw-19999         --mount type=bind,source=/home/abd/Desktop/Work/Metaflow/CMS-Analysis,target=/home/abd/Desktop/Work/Metaflow/CMS-Analysis         cmsopendata/cmssw_7_6_7-slc6_amd64_gcc493         bash /home/abd/Desktop/Work/Metaflow/CMS-Analysis/shell-scripts/Bash/runpoet-bash.sh /home/abd/Desktop/Work/Metaflow/CMS-Analysis/vol 2 19999 1 &&         docker stop cmssw-19999 &&         docker rm cmssw-19999
[MFLOG|0|2022-10-21T23:20:37.309704Z|runtime|5b5023de-bdc2-40c9-96d8-85be881ce101]        
[MFLOG|0|2022-10-21T23:20:37.310852Z|runtime|38261278-ffb4-4b24-ba0a-d558a4358c80]The output is: 
[MFLOG|0|2022-10-21T23:20:37.312177Z|runtime|4251622e-dbcf-4c41-a5db-ad65a9eb14ea] Setting up CMSSW_7_6_7
[MFLOG|0|2022-10-21T23:20:37.312444Z|runtime|1e4fd08d-ef8c-4367-b7f8-533284973fc2]CMSSW should now be available.
[MFLOG|0|2022-10-21T23:20:37.313216Z|runtime|16e9bfcf-3bc2-465f-8007-aadb147076dc]This is a standalone image for CMSSW_7_6_7 slc6_amd64_gcc493.
[MFLOG|0|2022-10-21T23:20:37.314084Z|runtime|7850a7a2-ec76-42f2-b39b-9aedbb8fbd8f]inside script file
[MFLOG|0|2022-10-21T23:20:37.314666Z|runtime|26f2f946-7b43-440e-a54c-0ec42e833d77]Setting up CMSSW_7_6_7
[MFLOG|0|2022-10-21T23:20:37.316836Z|runtime|e729b482-edf3-435b-9f9d-c70eac4deaef]CMSSW should now be available.
[MFLOG|0|2022-10-21T23:20:37.317055Z|runtime|0640c81b-87dd-44a7-99ee-cf3f3c2dcedd]This is a standalone image for CMSSW_7_6_7 slc6_amd64_gcc493.
[MFLOG|0|2022-10-21T23:20:37.317198Z|runtime|c0e389a6-2a8c-4c0f-9bc3-c4ce3c03b0e5]>> Local Products Rules ..... started
[MFLOG|0|2022-10-21T23:20:37.317322Z|runtime|2d0fed59-1d33-41dd-abf9-56b3d072a942]>> Local Products Rules ..... done
[MFLOG|0|2022-10-21T23:20:37.317444Z|runtime|f8a14244-447d-46b9-9f87-fe0d78259ed7]>> Entering Package PhysObjectExtractorTool/PhysObjectExtractor
[MFLOG|0|2022-10-21T23:20:37.317563Z|runtime|7611235d-13a5-428e-8969-a3ecfd4c2001]------- copying files from src/PhysObjectExtractorTool/PhysObjectExtractor/scripts -------
[MFLOG|0|2022-10-21T23:20:37.317680Z|runtime|8a895b53-b9d5-4112-a997-b9fc864722a9]>> copied merge_trees.py
[MFLOG|0|2022-10-21T23:20:37.317798Z|runtime|8978dddf-76ee-450c-984e-225fbf688697]>> copied ntuples-gen.py
[MFLOG|0|2022-10-21T23:20:37.317912Z|runtime|9a5b4f7e-c19f-4ff3-9c74-8186884f9e86]>> Creating project symlinks
[MFLOG|0|2022-10-21T23:20:37.318025Z|runtime|31081b10-a080-4f16-beec-bf2b9432a8f2]  src/PhysObjectExtractorTool/PhysObjectExtractor/python -> python/PhysObjectExtractorTool/PhysObjectExtractor
[MFLOG|0|2022-10-21T23:20:37.318145Z|runtime|5f294c6c-1d26-4776-b1d7-611b317ed65f]Entering library rule at PhysObjectExtractorTool/PhysObjectExtractor
[MFLOG|0|2022-10-21T23:20:37.318265Z|runtime|ceffc202-b3e0-4fa4-811d-5d8515474bd8]>> Compiling edm plugin /code/CMSSW_7_6_7/src/PhysObjectExtractorTool/PhysObjectExtractor/src/ElectronAnalyzer.cc 
[MFLOG|0|2022-10-21T23:20:37.318370Z|runtime|f43d630a-5fb8-413f-8618-d2ba9f4e6e97]>> Compiling edm plugin /code/CMSSW_7_6_7/src/PhysObjectExtractorTool/PhysObjectExtractor/src/FatjetAnalyzer.cc 
[MFLOG|0|2022-10-21T23:20:37.318486Z|runtime|c3f802ee-85ab-48fd-9e47-443fd7387c55]>> Compiling edm plugin /code/CMSSW_7_6_7/src/PhysObjectExtractorTool/PhysObjectExtractor/src/GenParticleAnalyzer.cc 
[MFLOG|0|2022-10-21T23:20:37.318593Z|runtime|74038458-9e6e-4ad5-b245-652dca57e9c0]>> Compiling edm plugin /code/CMSSW_7_6_7/src/PhysObjectExtractorTool/PhysObjectExtractor/src/JetAnalyzer.cc 
[MFLOG|0|2022-10-21T23:20:37.319833Z|runtime|f55bacc2-d3a8-460c-86c4-1ea265ee244f]>> Compiling edm plugin /code/CMSSW_7_6_7/src/PhysObjectExtractorTool/PhysObjectExtractor/src/MetAnalyzer.cc 
[MFLOG|0|2022-10-21T23:20:37.320057Z|runtime|9560aaf4-1ce6-4e88-88f9-12001b08bd2a]>> Compiling edm plugin /code/CMSSW_7_6_7/src/PhysObjectExtractorTool/PhysObjectExtractor/src/MuonAnalyzer.cc 
[MFLOG|0|2022-10-21T23:20:37.320186Z|runtime|ce36e85b-5739-48dc-8fcf-26c6e6412602]>> Compiling edm plugin /code/CMSSW_7_6_7/src/PhysObjectExtractorTool/PhysObjectExtractor/src/PhotonAnalyzer.cc 
[MFLOG|0|2022-10-21T23:20:37.320308Z|runtime|7f7fad7e-67d8-4c7c-98cd-4ef847502bbe]>> Compiling edm plugin /code/CMSSW_7_6_7/src/PhysObjectExtractorTool/PhysObjectExtractor/src/SimpleEleMuFilter.cc 
[MFLOG|0|2022-10-21T23:20:37.320427Z|runtime|7a06c7ff-047b-4681-8e71-882a2bfee612]>> Compiling edm plugin /code/CMSSW_7_6_7/src/PhysObjectExtractorTool/PhysObjectExtractor/src/SimpleTriggerAnalyzer.cc 
[MFLOG|0|2022-10-21T23:20:37.320556Z|runtime|07473ec1-de80-4b64-9afe-6022a8171324]>> Compiling edm plugin /code/CMSSW_7_6_7/src/PhysObjectExtractorTool/PhysObjectExtractor/src/TauAnalyzer.cc 
[MFLOG|0|2022-10-21T23:20:37.320672Z|runtime|1849c4a7-02ad-4e11-82fa-becbb08b3b85]>> Compiling edm plugin /code/CMSSW_7_6_7/src/PhysObjectExtractorTool/PhysObjectExtractor/src/TriggObjectAnalyzer.cc 
[MFLOG|0|2022-10-21T23:20:37.320788Z|runtime|27dce6c7-55d8-4ad5-94c3-5dde01b62eb1]>> Compiling edm plugin /code/CMSSW_7_6_7/src/PhysObjectExtractorTool/PhysObjectExtractor/src/TriggerAnalyzer.cc 
[MFLOG|0|2022-10-21T23:20:37.320903Z|runtime|62d387cf-0eeb-4176-9da0-b13266fe2df7]>> Compiling edm plugin /code/CMSSW_7_6_7/src/PhysObjectExtractorTool/PhysObjectExtractor/src/VertexAnalyzer.cc 
[MFLOG|0|2022-10-21T23:20:37.321018Z|runtime|9e3d2b0d-5f1a-4352-bbf8-5325ae585ff2]>> Building edm plugin tmp/slc6_amd64_gcc493/src/PhysObjectExtractorTool/PhysObjectExtractor/src/PhysObjectExtractorToolPhysObjectExtractor/libPhysObjectExtractorToolPhysObjectExtractor.so
[MFLOG|0|2022-10-21T23:20:37.321134Z|runtime|1a201147-7c33-49ca-8942-8926b09ca475]Leaving library rule at PhysObjectExtractorTool/PhysObjectExtractor
[MFLOG|0|2022-10-21T23:20:37.321247Z|runtime|27c2609c-c71e-4ec3-a945-fe51f69fbd77]@@@@ Running edmWriteConfigs for PhysObjectExtractorToolPhysObjectExtractor
[MFLOG|0|2022-10-21T23:20:37.321361Z|runtime|941aceac-2458-459d-a651-1645bf5a7069]--- Registered EDM Plugin: PhysObjectExtractorToolPhysObjectExtractor
[MFLOG|0|2022-10-21T23:20:37.325080Z|runtime|76372559-24b4-4480-bf6b-62de1038d9c3]>> Leaving Package PhysObjectExtractorTool/PhysObjectExtractor
[MFLOG|0|2022-10-21T23:20:37.326512Z|runtime|0d6d6172-e575-4201-ad38-2fba6d940085]>> Package PhysObjectExtractorTool/PhysObjectExtractor built
[MFLOG|0|2022-10-21T23:20:37.328136Z|runtime|a762756e-f312-4bb1-b98d-a1f6887c4493]>> Local Products Rules ..... started
[MFLOG|0|2022-10-21T23:20:37.342594Z|runtime|062e3a05-2b8f-469a-804b-de1e2e53a9bb]>> Local Products Rules ..... done
[MFLOG|0|2022-10-21T23:20:37.344571Z|runtime|7f22d45f-1fa2-43fb-91db-c9038593ff94]gmake[1]: Entering directory `/code/CMSSW_7_6_7'
[MFLOG|0|2022-10-21T23:20:37.346810Z|runtime|691f4a3d-2b35-467d-8dfa-faabda7dc85b]>> Creating project symlinks
[MFLOG|0|2022-10-21T23:20:37.361204Z|runtime|62b854bb-93b3-4016-9b93-40c4ada29030]  src/PhysObjectExtractorTool/PhysObjectExtractor/python -> python/PhysObjectExtractorTool/PhysObjectExtractor
[MFLOG|0|2022-10-21T23:20:37.361475Z|runtime|6c7479c4-33f2-4069-b260-13daf7554f2d]>> Done python_symlink
[MFLOG|0|2022-10-21T23:20:37.361723Z|runtime|77f9ca1d-a335-442c-88a5-94dc07847fc5]>> Compiling python modules python
[MFLOG|0|2022-10-21T23:20:37.362000Z|runtime|2076be96-c444-46b8-8eda-e0ef6c4c2ce2]>> Compiling python modules src/PhysObjectExtractorTool/PhysObjectExtractor/python
[MFLOG|0|2022-10-21T23:20:37.362339Z|runtime|2faad8ae-5290-4b1d-8695-8586b5fb92de]>> All python modules compiled
[MFLOG|0|2022-10-21T23:20:37.362895Z|runtime|2ed744b6-6104-488c-8252-a0f5e661f0d9]@@@@ Refreshing Plugins:edmPluginRefresh
[MFLOG|0|2022-10-21T23:20:37.363135Z|runtime|db7995b3-c41f-411a-8e51-947d2d569eac]>> Pluging of all type refreshed.
[MFLOG|0|2022-10-21T23:20:37.363303Z|runtime|20cfcc8c-a708-4e88-a043-5ae2dfb5df3a]>> Done generating edm plugin poisoned information
[MFLOG|0|2022-10-21T23:20:37.363434Z|runtime|004db630-03b3-40b1-b8ec-0df9e7f32348]gmake[1]: Leaving directory `/code/CMSSW_7_6_7'
[MFLOG|0|2022-10-21T23:20:37.363579Z|runtime|e3221cc5-8019-461c-bb41-8fa3deb2e290]2
[MFLOG|0|2022-10-21T23:20:37.363740Z|runtime|705d4131-f40e-473b-894d-63925f7dd746]# Conditions read from  CMS_CONDITIONS  via FrontierProd 
[MFLOG|0|2022-10-21T23:20:37.363934Z|runtime|5704d298-5955-4f33-8c19-b63f66357487]HLTConfig has changed for this Run. . . 
[MFLOG|0|2022-10-21T23:20:37.364208Z|runtime|b8d976a8-38e3-4e2b-97bc-0c4e756086c2]TrackerParametersESModule::produce(const PTrackerParametersRcd& iRecord)
[MFLOG|0|2022-10-21T23:20:37.365251Z|runtime|0eef2749-cebf-48fa-b45b-1d8fdf447623]47798
[MFLOG|0|2022-10-21T23:20:37.365481Z|runtime|b022bca6-a39e-478b-80a2-67faf8427154]47798
[MFLOG|0|2022-10-21T23:20:37.365655Z|runtime|454a23c2-197a-494c-b7d7-c5f6c4ef3bd0]
[MFLOG|0|2022-10-21T23:20:37.365894Z|runtime|489b0b3d-8b6b-4290-9aeb-ac25439860f2]Return Code: 1
[MFLOG|0|2022-10-21T23:20:37.366789Z|runtime|629da3bf-6306-4a1b-be40-d513c36c4dd7]The error is: 
[MFLOG|0|2022-10-21T23:20:37.367019Z|runtime|4748603f-f6ad-47c7-805c-70ae2f1ed54f] WARNING: In non-interactive mode release checks e.g. deprecated releases, production architectures are disabled.
[MFLOG|0|2022-10-21T23:20:38.549654Z|runtime|ee149465-9ab1-4489-88d8-bfb236be14e5]/home/abd/Desktop/Work/Metaflow/CMS-Analysis/shell-scripts/Bash/runpoet-bash.sh: line 4: cd: CMSSW_7_6_7/src: No such file or directory
[MFLOG|0|2022-10-21T23:20:38.549838Z|runtime|058a8cff-0d68-4701-ac2c-ccf4e73b3b87]WARNING: In non-interactive mode release checks e.g. deprecated releases, production architectures are disabled.
[MFLOG|0|2022-10-21T23:20:38.549967Z|runtime|6d0d92d3-7abf-4ccf-bba4-1c36680ea893]WARNING: There already exists /code/CMSSW_7_6_7 area for SCRAM_ARCH slc6_amd64_gcc493.
[MFLOG|0|2022-10-21T23:20:38.550094Z|runtime|653f81c8-6f74-47c9-b37e-e039be295a13]Cloning into 'PhysObjectExtractorTool'...
[MFLOG|0|2022-10-21T23:20:38.550235Z|runtime|b4bc3020-e6b5-44d1-bd95-e9d94bc22f5c]22-Oct-2022 00:06:37 CEST  Initiating request to open file root://eospublic.cern.ch//eos/opendata/cms/mc/RunIIFall15MiniAODv2/TT_TuneEE5C_13TeV-powheg-herwigpp/MINIAODSIM/PU25nsData2015v1_76X_mcRun2_asymptotic_v12-v1/10000/00284D8E-E8DB-E511-A462-02163E012D21.root
[MFLOG|0|2022-10-21T23:20:38.550388Z|runtime|2e307a07-90aa-4415-8846-6c8909e41df7]%MSG-w XrdAdaptor:  file_open 22-Oct-2022 00:06:40 CEST pre-events
[MFLOG|0|2022-10-21T23:20:38.550519Z|runtime|386862fb-6a20-43d1-81ce-a80bd03bdeae]Data is served from cern.ch instead of original site eospublic
[MFLOG|0|2022-10-21T23:20:38.550645Z|runtime|61488c22-e5b9-47cd-b193-5b3d8d145918]%MSG
[MFLOG|0|2022-10-21T23:20:38.550779Z|runtime|4160c09a-7c39-4d00-93f5-bd9dd96c6cd1]22-Oct-2022 00:06:43 CEST  Successfully opened file root://eospublic.cern.ch//eos/opendata/cms/mc/RunIIFall15MiniAODv2/TT_TuneEE5C_13TeV-powheg-herwigpp/MINIAODSIM/PU25nsData2015v1_76X_mcRun2_asymptotic_v12-v1/10000/00284D8E-E8DB-E511-A462-02163E012D21.root
[MFLOG|0|2022-10-21T23:20:38.550921Z|runtime|14a7e588-efec-4fd4-bbc6-8dbd7bddd652]22-Oct-2022 01:07:07 CEST  Closed file root://eospublic.cern.ch//eos/opendata/cms/mc/RunIIFall15MiniAODv2/TT_TuneEE5C_13TeV-powheg-herwigpp/MINIAODSIM/PU25nsData2015v1_76X_mcRun2_asymptotic_v12-v1/10000/00284D8E-E8DB-E511-A462-02163E012D21.root
[MFLOG|0|2022-10-21T23:20:38.551052Z|runtime|8586cf7c-41d3-4c79-b252-e132df133790]22-Oct-2022 01:07:07 CEST  Initiating request to open file root://eospublic.cern.ch//eos/opendata/cms/mc/RunIIFall15MiniAODv2/TT_TuneEE5C_13TeV-powheg-herwigpp/MINIAODSIM/PU25nsData2015v1_76X_mcRun2_asymptotic_v12-v1/10000/003C9D74-BCDB-E511-BFE6-002590AB3A82.root
[MFLOG|0|2022-10-21T23:20:38.551176Z|runtime|783b16e2-b7e9-486a-82f1-e39fdef49651]%MSG-w XrdAdaptor:  file_open 22-Oct-2022 01:07:07 CEST PostProcessEvent
[MFLOG|0|2022-10-21T23:20:38.551301Z|runtime|c8eabe4d-db75-429d-937a-e18d3010efb8]Data is served from cern.ch instead of original site eospublic
[MFLOG|0|2022-10-21T23:20:38.551420Z|runtime|0fd143b6-2ece-4d1e-9e3d-4de899b1592c]%MSG
[MFLOG|0|2022-10-21T23:20:38.551534Z|runtime|be826e33-738d-4280-88fd-52c990702d27]22-Oct-2022 01:07:08 CEST  Successfully opened file root://eospublic.cern.ch//eos/opendata/cms/mc/RunIIFall15MiniAODv2/TT_TuneEE5C_13TeV-powheg-herwigpp/MINIAODSIM/PU25nsData2015v1_76X_mcRun2_asymptotic_v12-v1/10000/003C9D74-BCDB-E511-BFE6-002590AB3A82.root
[MFLOG|0|2022-10-21T23:20:38.551644Z|runtime|39e53d3c-10a4-4287-80a6-f53e9f1c0870][2022-10-22 01:10:10.128473 +0200][Error  ][XRootD            ] [p06636710n62103.cern.ch:1095] Unable to get the response to request kXR_close (handle: 0x00000000)
[MFLOG|0|2022-10-21T23:20:38.551751Z|runtime|a4c8ae25-9e40-47af-9a08-62a875dcc143]%MSG-w XrdFileWarning:  (NoModuleName) 22-Oct-2022 01:10:10 CEST pre-events
[MFLOG|0|2022-10-21T23:20:38.551855Z|runtime|0f280ae1-3e6b-43e2-8300-19ef418ac645]Source delayed close failed with error '[ERROR] Operation expired' (errno=0, code=206, server=p06636710n62103.cern.ch:1095, site=cern.ch)
[MFLOG|0|2022-10-21T23:20:38.551960Z|runtime|89942382-7671-4636-bc06-bcc1c1fb54c2]%MSG
[MFLOG|0|2022-10-21T23:20:38.552069Z|runtime|25d91a63-4eb1-45e0-9612-b6eb27998b40]22-Oct-2022 01:20:25 CEST  Closed file root://eospublic.cern.ch//eos/opendata/cms/mc/RunIIFall15MiniAODv2/TT_TuneEE5C_13TeV-powheg-herwigpp/MINIAODSIM/PU25nsData2015v1_76X_mcRun2_asymptotic_v12-v1/10000/003C9D74-BCDB-E511-BFE6-002590AB3A82.root
[MFLOG|0|2022-10-21T23:20:38.552181Z|runtime|a3171b43-de78-4dce-9727-43bae9dfda95]
[MFLOG|0|2022-10-21T23:20:38.552281Z|runtime|e9ab8fed-a09d-4258-b6b3-f1073a24f02c]=============================================
[MFLOG|0|2022-10-21T23:20:38.552376Z|runtime|5684654a-92cd-4e19-99e0-219d5dd9fa41]
[MFLOG|0|2022-10-21T23:20:38.552501Z|runtime|708dfd5e-2e19-47e8-8765-6ddbb948d38f]MessageLogger Summary
[MFLOG|0|2022-10-21T23:20:38.552599Z|runtime|b8e57a5e-955b-432d-9633-c51422cc1cc6]
[MFLOG|0|2022-10-21T23:20:38.552699Z|runtime|f11df109-8fef-482a-8684-4a4dd0ded449] type     category        sev    module        subroutine        count    total
[MFLOG|0|2022-10-21T23:20:38.552797Z|runtime|5760bf80-0932-4318-b379-a6ee9a1d3a91] ---- -------------------- -- ---------------- ----------------  -----    -----
[MFLOG|0|2022-10-21T23:20:38.552891Z|runtime|c903fea0-fe74-4506-8096-120cd76cccc6]    1 XrdAdaptor           -w file_open                              2        2
[MFLOG|0|2022-10-21T23:20:38.552983Z|runtime|5f69a2f9-785f-43b7-9d82-d566d5471ca5]    2 XrdFileWarning       -w (NoModuleName)                         1        1
[MFLOG|0|2022-10-21T23:20:38.553073Z|runtime|27c398c3-0434-42a8-a117-8e1592693574]    3 fileAction           -s file_close                             2        2
[MFLOG|0|2022-10-21T23:20:38.553165Z|runtime|114cddb8-5ef4-486d-be28-b39c6a96fa6b]    4 fileAction           -s file_open                              4        4
[MFLOG|0|2022-10-21T23:20:38.553256Z|runtime|a3a09998-d148-43bd-9e20-2474031e309a]
[MFLOG|0|2022-10-21T23:20:38.553346Z|runtime|eaa8177d-e96f-4d24-89a2-d608591fc532] type    category    Examples: run/evt        run/evt          run/evt
[MFLOG|0|2022-10-21T23:20:38.553439Z|runtime|e43caa75-2bc2-4529-a6fa-6b032f4e06f0] ---- -------------------- ---------------- ---------------- ----------------
[MFLOG|0|2022-10-21T23:20:38.553532Z|runtime|374b7d90-f1f3-444b-b874-449b639089c3]    1 XrdAdaptor           pre-events       PostProcessEvent 
[MFLOG|0|2022-10-21T23:20:38.553628Z|runtime|24a6b6bb-e57d-46fc-a9e5-90bcb05203c1]    2 XrdFileWarning       pre-events                        
[MFLOG|0|2022-10-21T23:20:38.553721Z|runtime|3d487ece-3e19-474d-b9ff-fba0f4afc356]    3 fileAction           PostProcessEvent PostEndRun       
[MFLOG|0|2022-10-21T23:20:38.553814Z|runtime|ef76433a-0085-4a92-9aa7-3af9633b8d7c]    4 fileAction           pre-events       pre-events       PostProcessEvent
[MFLOG|0|2022-10-21T23:20:38.553907Z|runtime|15623349-2e68-4091-a512-10dca770b0f6]
[MFLOG|0|2022-10-21T23:20:38.553999Z|runtime|88611a57-e8d6-488e-a182-fa960495cf56]Severity    # Occurrences   Total Occurrences
[MFLOG|0|2022-10-21T23:20:38.554091Z|runtime|2c9310cf-b426-4cc0-b9dc-66caf767e27f]--------    -------------   -----------------
[MFLOG|0|2022-10-21T23:20:38.554183Z|runtime|3e866765-866e-4b0e-aad6-934046af164a]Warning                 3                   3
[MFLOG|0|2022-10-21T23:20:38.554276Z|runtime|3935c777-1e51-4396-8fdd-16b9eff10e34]System                  6                   6
[MFLOG|0|2022-10-21T23:20:38.554367Z|runtime|746cc1ec-7d7a-454d-a7a7-d3e562119825]Error response from daemon: No such container: cmssw-19999
[MFLOG|0|2022-10-21T23:20:38.554460Z|runtime|2cec1349-7b6d-453b-bf6a-8e0d0acb47ef]
