[MFLOG|0|2022-10-22T00:00:05.181269Z|runtime|65223702-94a7-4100-a954-481a338f7d70]The command is: 
[MFLOG|0|2022-10-22T00:00:05.181511Z|runtime|3a8b2fab-0096-4c43-a2a6-4c74dbc4bf1e] 
[MFLOG|0|2022-10-22T00:00:05.181649Z|runtime|133e9507-af2d-44a0-82ba-cd32dd6072af]        docker run         --rm         --name cmssw-19412         --mount type=bind,source=/home/abd/Desktop/Work/Metaflow/CMS-Analysis,target=/home/abd/Desktop/Work/Metaflow/CMS-Analysis         cmsopendata/cmssw_7_6_7-slc6_amd64_gcc493         bash /home/abd/Desktop/Work/Metaflow/CMS-Analysis/shell-scripts/Bash/runpoet-bash.sh /home/abd/Desktop/Work/Metaflow/CMS-Analysis/vol 2 19412 1 &&         docker stop cmssw-19412 &&         docker rm cmssw-19412
[MFLOG|0|2022-10-22T00:00:05.181776Z|runtime|6f7cc728-a460-40b6-84eb-be373ce5fdf0]        
[MFLOG|0|2022-10-22T00:00:05.181896Z|runtime|07069261-aac3-4cd1-ad95-5910d463617a]The output is: 
[MFLOG|0|2022-10-22T00:00:05.182014Z|runtime|1d1e1968-16e3-4ea4-a930-7cb2ecb24c96] Setting up CMSSW_7_6_7
[MFLOG|0|2022-10-22T00:00:05.182130Z|runtime|3ed20c65-7d12-4dc4-a973-b36c6c1d2d21]CMSSW should now be available.
[MFLOG|0|2022-10-22T00:00:05.182248Z|runtime|cb7ff79a-7e94-443d-a8bb-96ae38d55f6e]This is a standalone image for CMSSW_7_6_7 slc6_amd64_gcc493.
[MFLOG|0|2022-10-22T00:00:05.182365Z|runtime|7e5307a7-ba76-4f5e-ae92-37c1a48a03f1]inside script file
[MFLOG|0|2022-10-22T00:00:05.182478Z|runtime|e15feeee-f9b3-4a72-a084-735ca90cd594]Setting up CMSSW_7_6_7
[MFLOG|0|2022-10-22T00:00:05.182595Z|runtime|2ed0f593-46b6-4d72-8d95-5e95756f4900]CMSSW should now be available.
[MFLOG|0|2022-10-22T00:00:05.182710Z|runtime|8ee2e4b1-adbe-4f46-9c25-c04da3608b90]This is a standalone image for CMSSW_7_6_7 slc6_amd64_gcc493.
[MFLOG|0|2022-10-22T00:00:05.182823Z|runtime|1553766d-76d4-4f96-a30f-797d87585ad4]>> Local Products Rules ..... started
[MFLOG|0|2022-10-22T00:00:05.182941Z|runtime|c0733628-fa0f-4833-a40f-e21c23e6b167]>> Local Products Rules ..... done
[MFLOG|0|2022-10-22T00:00:05.183054Z|runtime|7c37d20a-04f3-4838-bcb9-b4e7d7c1f43e]>> Entering Package PhysObjectExtractorTool/PhysObjectExtractor
[MFLOG|0|2022-10-22T00:00:05.183165Z|runtime|e53cf605-1a19-4e4b-816e-f647e7232fed]------- copying files from src/PhysObjectExtractorTool/PhysObjectExtractor/scripts -------
[MFLOG|0|2022-10-22T00:00:05.183283Z|runtime|f2098464-7a04-44f7-9c49-3034ed8598e5]>> copied merge_trees.py
[MFLOG|0|2022-10-22T00:00:05.183397Z|runtime|c8b43bac-7633-4425-a77e-48d544fabef0]>> copied ntuples-gen.py
[MFLOG|0|2022-10-22T00:00:05.183508Z|runtime|c6dd2846-0736-4cb8-9bd2-4ddae360e293]>> Creating project symlinks
[MFLOG|0|2022-10-22T00:00:05.183621Z|runtime|8c03cc33-8555-4538-bab3-a2bfe6103f7c]  src/PhysObjectExtractorTool/PhysObjectExtractor/python -> python/PhysObjectExtractorTool/PhysObjectExtractor
[MFLOG|0|2022-10-22T00:00:05.183736Z|runtime|fbec6b1a-204d-40f1-8917-ba5a7ed8ad40]Entering library rule at PhysObjectExtractorTool/PhysObjectExtractor
[MFLOG|0|2022-10-22T00:00:05.183848Z|runtime|982b74ae-0e71-44a6-89c4-e1b55b2258f4]>> Compiling edm plugin /code/CMSSW_7_6_7/src/PhysObjectExtractorTool/PhysObjectExtractor/src/ElectronAnalyzer.cc 
[MFLOG|0|2022-10-22T00:00:05.183965Z|runtime|f7addc73-da00-45ac-ac22-61deb21e43d8]>> Compiling edm plugin /code/CMSSW_7_6_7/src/PhysObjectExtractorTool/PhysObjectExtractor/src/FatjetAnalyzer.cc 
[MFLOG|0|2022-10-22T00:00:05.184079Z|runtime|41c5b024-9c84-4f05-b165-26c6c73d8cab]>> Compiling edm plugin /code/CMSSW_7_6_7/src/PhysObjectExtractorTool/PhysObjectExtractor/src/GenParticleAnalyzer.cc 
[MFLOG|0|2022-10-22T00:00:05.184189Z|runtime|3cb25222-86af-4be7-b19a-b56c0e15ff65]>> Compiling edm plugin /code/CMSSW_7_6_7/src/PhysObjectExtractorTool/PhysObjectExtractor/src/JetAnalyzer.cc 
[MFLOG|0|2022-10-22T00:00:05.184302Z|runtime|51035ed0-e204-42dc-b5af-ea2c711e9fb7]>> Compiling edm plugin /code/CMSSW_7_6_7/src/PhysObjectExtractorTool/PhysObjectExtractor/src/MetAnalyzer.cc 
[MFLOG|0|2022-10-22T00:00:05.184418Z|runtime|9d99ceef-0d97-4ace-8ea1-ff0dbd952e65]>> Compiling edm plugin /code/CMSSW_7_6_7/src/PhysObjectExtractorTool/PhysObjectExtractor/src/MuonAnalyzer.cc 
[MFLOG|0|2022-10-22T00:00:05.184550Z|runtime|191a8c8d-9776-4e79-b641-327c8fcfafb9]>> Compiling edm plugin /code/CMSSW_7_6_7/src/PhysObjectExtractorTool/PhysObjectExtractor/src/PhotonAnalyzer.cc 
[MFLOG|0|2022-10-22T00:00:05.184665Z|runtime|25367274-e118-4e1f-888e-47173fdff413]>> Compiling edm plugin /code/CMSSW_7_6_7/src/PhysObjectExtractorTool/PhysObjectExtractor/src/SimpleEleMuFilter.cc 
[MFLOG|0|2022-10-22T00:00:05.184779Z|runtime|c053ab45-40e4-48ae-afbc-bf6ac982491b]>> Compiling edm plugin /code/CMSSW_7_6_7/src/PhysObjectExtractorTool/PhysObjectExtractor/src/SimpleTriggerAnalyzer.cc 
[MFLOG|0|2022-10-22T00:00:05.184891Z|runtime|6e07bd05-aa02-4f2d-b1fd-17d1fe5cf38d]>> Compiling edm plugin /code/CMSSW_7_6_7/src/PhysObjectExtractorTool/PhysObjectExtractor/src/TauAnalyzer.cc 
[MFLOG|0|2022-10-22T00:00:05.185005Z|runtime|d4fd3ab7-9c0a-4420-9596-33d12a60a323]>> Compiling edm plugin /code/CMSSW_7_6_7/src/PhysObjectExtractorTool/PhysObjectExtractor/src/TriggObjectAnalyzer.cc 
[MFLOG|0|2022-10-22T00:00:05.185117Z|runtime|38a16bce-f1d1-463a-b817-ec8dca209099]>> Compiling edm plugin /code/CMSSW_7_6_7/src/PhysObjectExtractorTool/PhysObjectExtractor/src/TriggerAnalyzer.cc 
[MFLOG|0|2022-10-22T00:00:05.185228Z|runtime|d23b5e03-a5f0-4357-a77c-e6e91392a0f7]>> Compiling edm plugin /code/CMSSW_7_6_7/src/PhysObjectExtractorTool/PhysObjectExtractor/src/VertexAnalyzer.cc 
[MFLOG|0|2022-10-22T00:00:05.185341Z|runtime|70e067af-1bfd-4b63-b385-1d85eda32ce0]>> Building edm plugin tmp/slc6_amd64_gcc493/src/PhysObjectExtractorTool/PhysObjectExtractor/src/PhysObjectExtractorToolPhysObjectExtractor/libPhysObjectExtractorToolPhysObjectExtractor.so
[MFLOG|0|2022-10-22T00:00:05.185455Z|runtime|60070ea0-d36a-4ff7-8949-c27b4937f3dc]Leaving library rule at PhysObjectExtractorTool/PhysObjectExtractor
[MFLOG|0|2022-10-22T00:00:05.185565Z|runtime|d1d842fd-7d05-4600-8c9c-4acba22cbd8e]@@@@ Running edmWriteConfigs for PhysObjectExtractorToolPhysObjectExtractor
[MFLOG|0|2022-10-22T00:00:05.185678Z|runtime|0024602c-af44-41df-9f78-016c78066774]--- Registered EDM Plugin: PhysObjectExtractorToolPhysObjectExtractor
[MFLOG|0|2022-10-22T00:00:05.185791Z|runtime|be9d74b9-e370-4a17-a590-7f700357e2b8]>> Leaving Package PhysObjectExtractorTool/PhysObjectExtractor
[MFLOG|0|2022-10-22T00:00:05.185904Z|runtime|1c8859dc-a4e7-4759-a7ed-1f72b3ee6613]>> Package PhysObjectExtractorTool/PhysObjectExtractor built
[MFLOG|0|2022-10-22T00:00:05.186020Z|runtime|e869abf9-7c47-4dcf-822a-08c397bd47c0]>> Local Products Rules ..... started
[MFLOG|0|2022-10-22T00:00:05.186131Z|runtime|c6a0a479-7b1b-47cf-952d-f8fa94ec8060]>> Local Products Rules ..... done
[MFLOG|0|2022-10-22T00:00:05.186250Z|runtime|58e83c69-bd57-4890-a083-e0540704ca0e]gmake[1]: Entering directory `/code/CMSSW_7_6_7'
[MFLOG|0|2022-10-22T00:00:05.186371Z|runtime|ab7dd0d6-7afd-43e3-8b61-edf174a911ba]>> Creating project symlinks
[MFLOG|0|2022-10-22T00:00:05.186492Z|runtime|c3935263-c77b-465e-881a-eada12f25c5c]  src/PhysObjectExtractorTool/PhysObjectExtractor/python -> python/PhysObjectExtractorTool/PhysObjectExtractor
[MFLOG|0|2022-10-22T00:00:05.186608Z|runtime|f7b25ded-5bd0-4e31-a30e-34efab745594]>> Done python_symlink
[MFLOG|0|2022-10-22T00:00:05.186717Z|runtime|5834581b-b6ba-43d0-8fac-ef2ddda54283]>> Compiling python modules python
[MFLOG|0|2022-10-22T00:00:05.186841Z|runtime|f32a1063-24ff-420b-9d88-7e310fd86062]>> Compiling python modules src/PhysObjectExtractorTool/PhysObjectExtractor/python
[MFLOG|0|2022-10-22T00:00:05.186957Z|runtime|844b6091-4965-4dce-b55f-c4453ec0ddec]>> All python modules compiled
[MFLOG|0|2022-10-22T00:00:05.187067Z|runtime|2b9b74d4-13ac-4d17-ba39-6144ce6b9812]@@@@ Refreshing Plugins:edmPluginRefresh
[MFLOG|0|2022-10-22T00:00:05.187179Z|runtime|92c32819-f3be-47b8-ad2f-b3289bdd47ab]>> Pluging of all type refreshed.
[MFLOG|0|2022-10-22T00:00:05.187289Z|runtime|1aeacada-4f75-4f3a-8ff7-162fc56e78c8]>> Done generating edm plugin poisoned information
[MFLOG|0|2022-10-22T00:00:05.187400Z|runtime|18cec45f-186e-469e-8f1b-aeb189b37e13]gmake[1]: Leaving directory `/code/CMSSW_7_6_7'
[MFLOG|0|2022-10-22T00:00:05.187506Z|runtime|409bf82c-7932-4379-a6c2-3ad515b94383]2
[MFLOG|0|2022-10-22T00:00:05.187611Z|runtime|f8a998ab-34e7-4286-8a82-99fc8fc41e7d]# Conditions read from  CMS_CONDITIONS  via FrontierProd 
[MFLOG|0|2022-10-22T00:00:05.187721Z|runtime|a502b14c-426f-4476-a0aa-c6bdd0003a3b]HLTConfig has changed for this Run. . . 
[MFLOG|0|2022-10-22T00:00:05.187826Z|runtime|1a474d66-3342-4f00-849c-a067bbd53d1d]TrackerParametersESModule::produce(const PTrackerParametersRcd& iRecord)
[MFLOG|0|2022-10-22T00:00:05.187932Z|runtime|c4123cd0-a4a3-472a-a59b-3ee9b3385bc1]37600
[MFLOG|0|2022-10-22T00:00:05.188039Z|runtime|19a4c08a-c168-4373-b49c-12f326e95232]37600
[MFLOG|0|2022-10-22T00:00:05.188142Z|runtime|7172a66c-6b3d-4200-893d-326d0da4f679]
[MFLOG|0|2022-10-22T00:00:05.188259Z|runtime|bf7e744c-cd62-418a-8063-5b1532d3ee07]Return Code: 1
[MFLOG|0|2022-10-22T00:00:05.188373Z|runtime|4e397f38-f135-4600-a281-2d71a380d3d6]The error is: 
[MFLOG|0|2022-10-22T00:00:05.188509Z|runtime|ed70acfe-910f-4d78-91bb-a39f92b8632c] WARNING: In non-interactive mode release checks e.g. deprecated releases, production architectures are disabled.
[MFLOG|0|2022-10-22T00:00:06.448354Z|runtime|fcb1a9e9-02d3-43d9-9768-ba5c89a701d4]/home/abd/Desktop/Work/Metaflow/CMS-Analysis/shell-scripts/Bash/runpoet-bash.sh: line 4: cd: CMSSW_7_6_7/src: No such file or directory
[MFLOG|0|2022-10-22T00:00:06.448592Z|runtime|6b40db7c-6019-4e2e-be56-36653fe38c77]WARNING: In non-interactive mode release checks e.g. deprecated releases, production architectures are disabled.
[MFLOG|0|2022-10-22T00:00:06.448729Z|runtime|c0dc54b9-c483-4839-a55f-eb7b817823ab]WARNING: There already exists /code/CMSSW_7_6_7 area for SCRAM_ARCH slc6_amd64_gcc493.
[MFLOG|0|2022-10-22T00:00:06.448859Z|runtime|111b63a7-ac4a-4584-ad8e-0818b6a30d54]Cloning into 'PhysObjectExtractorTool'...
[MFLOG|0|2022-10-22T00:00:06.448985Z|runtime|2bdf62d4-820c-4ad0-a855-2331ddeddda0]22-Oct-2022 01:22:50 CEST  Initiating request to open file root://eospublic.cern.ch//eos/opendata/cms/mc/RunIIFall15MiniAODv2/ST_tW_antitop_5f_inclusiveDecays_13TeV-powheg-pythia8_TuneCUETP8M1/MINIAODSIM/PU25nsData2015v1_76X_mcRun2_asymptotic_v12-v1/00000/00D0925F-56B9-E511-8A71-0025907FD2B2.root
[MFLOG|0|2022-10-22T00:00:06.449112Z|runtime|e585bb30-13d7-4641-95a4-a597c45cf00c]%MSG-w XrdAdaptor:  file_open 22-Oct-2022 01:22:52 CEST pre-events
[MFLOG|0|2022-10-22T00:00:06.449235Z|runtime|a88ac28b-8e6d-4f44-8417-7743d88e09cc]Data is served from cern.ch instead of original site eospublic
[MFLOG|0|2022-10-22T00:00:06.449360Z|runtime|c7b04203-014c-4e65-8768-2ada5ed0fc8c]%MSG
[MFLOG|0|2022-10-22T00:00:06.449486Z|runtime|b61bfe9f-d6a3-485d-a49e-23b4e9110e42]22-Oct-2022 01:22:54 CEST  Successfully opened file root://eospublic.cern.ch//eos/opendata/cms/mc/RunIIFall15MiniAODv2/ST_tW_antitop_5f_inclusiveDecays_13TeV-powheg-pythia8_TuneCUETP8M1/MINIAODSIM/PU25nsData2015v1_76X_mcRun2_asymptotic_v12-v1/00000/00D0925F-56B9-E511-8A71-0025907FD2B2.root
[MFLOG|0|2022-10-22T00:00:06.449616Z|runtime|f3510bf5-cc31-4ec5-a4f5-4285c83264ed]22-Oct-2022 01:54:20 CEST  Closed file root://eospublic.cern.ch//eos/opendata/cms/mc/RunIIFall15MiniAODv2/ST_tW_antitop_5f_inclusiveDecays_13TeV-powheg-pythia8_TuneCUETP8M1/MINIAODSIM/PU25nsData2015v1_76X_mcRun2_asymptotic_v12-v1/00000/00D0925F-56B9-E511-8A71-0025907FD2B2.root
[MFLOG|0|2022-10-22T00:00:06.449790Z|runtime|bcea18bb-75ab-4bc5-b675-931da056edda]22-Oct-2022 01:54:20 CEST  Initiating request to open file root://eospublic.cern.ch//eos/opendata/cms/mc/RunIIFall15MiniAODv2/ST_tW_antitop_5f_inclusiveDecays_13TeV-powheg-pythia8_TuneCUETP8M1/MINIAODSIM/PU25nsData2015v1_76X_mcRun2_asymptotic_v12-v1/00000/06F964CD-55B9-E511-B296-002590A2CCF2.root
[MFLOG|0|2022-10-22T00:00:06.449933Z|runtime|9e73d821-003d-4588-9057-b41b2d9e3ba7]%MSG-w XrdAdaptor:  file_open 22-Oct-2022 01:54:21 CEST PostProcessEvent
[MFLOG|0|2022-10-22T00:00:06.450050Z|runtime|426f1129-4e99-417b-98e3-5aca71d33168]Data is served from cern.ch instead of original site eospublic
[MFLOG|0|2022-10-22T00:00:06.450154Z|runtime|ed9225f3-86cd-433c-a5b6-b80c154a0d55]%MSG
[MFLOG|0|2022-10-22T00:00:06.450255Z|runtime|9b58e269-c46b-4688-89fe-65434c087c26]22-Oct-2022 01:54:21 CEST  Successfully opened file root://eospublic.cern.ch//eos/opendata/cms/mc/RunIIFall15MiniAODv2/ST_tW_antitop_5f_inclusiveDecays_13TeV-powheg-pythia8_TuneCUETP8M1/MINIAODSIM/PU25nsData2015v1_76X_mcRun2_asymptotic_v12-v1/00000/06F964CD-55B9-E511-B296-002590A2CCF2.root
[MFLOG|0|2022-10-22T00:00:06.450358Z|runtime|9b5fb5a6-2825-4bc8-b606-ccfd40e96f9c][2022-10-22 01:57:27.161599 +0200][Error  ][XRootD            ] [st-096-ff761117.cern.ch:1095] Unable to get the response to request kXR_close (handle: 0x00000000)
[MFLOG|0|2022-10-22T00:00:06.450457Z|runtime|8607d8e2-b7f7-423f-a5b8-0c33e275f386]%MSG-w XrdFileWarning:  (NoModuleName) 22-Oct-2022 01:57:27 CEST pre-events
[MFLOG|0|2022-10-22T00:00:06.450561Z|runtime|28807e64-d78c-463b-ac7c-6ee55fe0725a]Source delayed close failed with error '[ERROR] Operation expired' (errno=0, code=206, server=st-096-ff761117.cern.ch:1095, site=cern.ch)
[MFLOG|0|2022-10-22T00:00:06.450663Z|runtime|3fbd59cf-664c-4973-bd9b-13b2227f6001]%MSG
[MFLOG|0|2022-10-22T00:00:06.450780Z|runtime|84d5ec5c-2772-4dcf-a56e-b79a26cd39ca]22-Oct-2022 01:59:57 CEST  Closed file root://eospublic.cern.ch//eos/opendata/cms/mc/RunIIFall15MiniAODv2/ST_tW_antitop_5f_inclusiveDecays_13TeV-powheg-pythia8_TuneCUETP8M1/MINIAODSIM/PU25nsData2015v1_76X_mcRun2_asymptotic_v12-v1/00000/06F964CD-55B9-E511-B296-002590A2CCF2.root
[MFLOG|0|2022-10-22T00:00:06.450906Z|runtime|f19b8e39-8f1a-47a4-a884-e1550c283048]
[MFLOG|0|2022-10-22T00:00:06.451030Z|runtime|fdba718e-3844-4400-aa18-a644de6093da]=============================================
[MFLOG|0|2022-10-22T00:00:06.451154Z|runtime|46984fd6-db35-49dd-91b5-da399552484f]
[MFLOG|0|2022-10-22T00:00:06.451271Z|runtime|04edc884-58ea-4993-9c99-b392ecffa27e]MessageLogger Summary
[MFLOG|0|2022-10-22T00:00:06.451395Z|runtime|03570827-d185-44b8-b513-2f8d60ba6638]
[MFLOG|0|2022-10-22T00:00:06.451518Z|runtime|d6d8db99-8417-4dbd-9ccc-6ecebc0a4780] type     category        sev    module        subroutine        count    total
[MFLOG|0|2022-10-22T00:00:06.451642Z|runtime|ca180e4c-b63e-4978-80bb-55ff08ee66d1] ---- -------------------- -- ---------------- ----------------  -----    -----
[MFLOG|0|2022-10-22T00:00:06.451760Z|runtime|1077cafd-42a0-43a5-ab59-549960857572]    1 XrdAdaptor           -w file_open                              2        2
[MFLOG|0|2022-10-22T00:00:06.451887Z|runtime|ea057679-10dd-4f6d-8ef1-3d2d979f86f9]    2 XrdFileWarning       -w (NoModuleName)                         1        1
[MFLOG|0|2022-10-22T00:00:06.452012Z|runtime|921f9801-c87c-45e1-9abd-b2fd9634fbb7]    3 fileAction           -s file_close                             2        2
[MFLOG|0|2022-10-22T00:00:06.452135Z|runtime|243768c2-7a7b-42ce-87dc-f0358845a7e1]    4 fileAction           -s file_open                              4        4
[MFLOG|0|2022-10-22T00:00:06.452257Z|runtime|8e87df9c-6d0a-48aa-9ab2-0b60bcc54e1c]
[MFLOG|0|2022-10-22T00:00:06.452380Z|runtime|23b4a2b8-00c7-496a-b7c6-ce6b4179f566] type    category    Examples: run/evt        run/evt          run/evt
[MFLOG|0|2022-10-22T00:00:06.452515Z|runtime|f68dd7ca-f316-454d-b33b-ba8c714a17d3] ---- -------------------- ---------------- ---------------- ----------------
[MFLOG|0|2022-10-22T00:00:06.452647Z|runtime|8cfa8504-80ac-4fa0-af0e-7511931585c7]    1 XrdAdaptor           pre-events       PostProcessEvent 
[MFLOG|0|2022-10-22T00:00:06.452770Z|runtime|c4679ea8-fac2-4c34-8a41-f444fe92f817]    2 XrdFileWarning       pre-events                        
[MFLOG|0|2022-10-22T00:00:06.452893Z|runtime|3c41e127-7d87-4aaa-b3bc-2e97b6f5c7d6]    3 fileAction           PostProcessEvent PostEndRun       
[MFLOG|0|2022-10-22T00:00:06.453013Z|runtime|b61e38ab-89df-4e77-845e-3f754f1d2ec9]    4 fileAction           pre-events       pre-events       PostProcessEvent
[MFLOG|0|2022-10-22T00:00:06.453131Z|runtime|4b2d32d4-0ffb-4d14-9649-1139ebdb2a2b]
[MFLOG|0|2022-10-22T00:00:06.453248Z|runtime|ceab5be0-98e2-4702-b401-586980b601ae]Severity    # Occurrences   Total Occurrences
[MFLOG|0|2022-10-22T00:00:06.453367Z|runtime|66fdb5fd-e3c7-4309-8f1f-3e479374f543]--------    -------------   -----------------
[MFLOG|0|2022-10-22T00:00:06.453479Z|runtime|45ebc7f5-bb7a-4739-89e7-30e719b4b792]Warning                 3                   3
[MFLOG|0|2022-10-22T00:00:06.453590Z|runtime|d9b484bd-4710-4f6d-b2ed-bee55b11002c]System                  6                   6
[MFLOG|0|2022-10-22T00:00:06.453703Z|runtime|2719727b-e2f4-4729-b0e6-3ab2e86c0658]Error response from daemon: No such container: cmssw-19412
[MFLOG|0|2022-10-22T00:00:06.453822Z|runtime|c8bcacc4-0917-4059-8b37-37141c142e61]
