[MFLOG|0|2022-10-21T23:54:25.131533Z|runtime|d80f9d5b-1b7a-4e3b-8ca4-889b7ac2ae9b]The command is: 
[MFLOG|0|2022-10-21T23:54:25.131781Z|runtime|b50af3b5-04e5-43a1-b59f-4df9ad33a4f1] 
[MFLOG|0|2022-10-21T23:54:25.131938Z|runtime|bea6be56-9d4f-4369-aa0f-7208649f2849]        docker run         --rm         --name cmssw-20548         --mount type=bind,source=/home/abd/Desktop/Work/Metaflow/CMS-Analysis,target=/home/abd/Desktop/Work/Metaflow/CMS-Analysis         cmsopendata/cmssw_7_6_7-slc6_amd64_gcc493         bash /home/abd/Desktop/Work/Metaflow/CMS-Analysis/shell-scripts/Bash/runpoet-bash.sh /home/abd/Desktop/Work/Metaflow/CMS-Analysis/vol 2 20548 1 &&         docker stop cmssw-20548 &&         docker rm cmssw-20548
[MFLOG|0|2022-10-21T23:54:25.132165Z|runtime|d7b3161c-e562-4f7f-a2ac-c7612e44b293]        
[MFLOG|0|2022-10-21T23:54:25.132322Z|runtime|da44e9aa-0b6d-4b05-a6e4-e69fb58166e8]The output is: 
[MFLOG|0|2022-10-21T23:54:25.132493Z|runtime|3d5fd0f6-47da-4152-ad9d-3c9fc78d1b02] Setting up CMSSW_7_6_7
[MFLOG|0|2022-10-21T23:54:25.132645Z|runtime|fa1acd39-072e-4b60-add2-048167123f60]CMSSW should now be available.
[MFLOG|0|2022-10-21T23:54:25.132792Z|runtime|19f95c63-1e87-4681-b725-28eb72df62b0]This is a standalone image for CMSSW_7_6_7 slc6_amd64_gcc493.
[MFLOG|0|2022-10-21T23:54:25.132942Z|runtime|f530ef16-f6d6-4f88-8168-7a6311a443c8]inside script file
[MFLOG|0|2022-10-21T23:54:25.133088Z|runtime|93f4eec3-383a-400b-90f2-44d68ad8bf59]Setting up CMSSW_7_6_7
[MFLOG|0|2022-10-21T23:54:25.133299Z|runtime|d635d2ba-711e-4eb8-bf80-ba683d02fc6f]CMSSW should now be available.
[MFLOG|0|2022-10-21T23:54:25.133437Z|runtime|98d17aa4-9367-4a79-9043-395a3e4df040]This is a standalone image for CMSSW_7_6_7 slc6_amd64_gcc493.
[MFLOG|0|2022-10-21T23:54:25.133561Z|runtime|2551ea96-c869-428e-a339-bc351aea99d5]>> Local Products Rules ..... started
[MFLOG|0|2022-10-21T23:54:25.133685Z|runtime|0e4018bb-b519-45e2-987a-8ed5c124f28d]>> Local Products Rules ..... done
[MFLOG|0|2022-10-21T23:54:25.133806Z|runtime|b97fbbc4-bcf7-49fa-81a4-01470ff14ff9]>> Entering Package PhysObjectExtractorTool/PhysObjectExtractor
[MFLOG|0|2022-10-21T23:54:25.133928Z|runtime|1f23bc54-b533-4ee5-929f-c4d01117b98e]------- copying files from src/PhysObjectExtractorTool/PhysObjectExtractor/scripts -------
[MFLOG|0|2022-10-21T23:54:25.134061Z|runtime|bd565a40-6bb2-424e-b778-b2cdccb7402c]>> copied merge_trees.py
[MFLOG|0|2022-10-21T23:54:25.134192Z|runtime|a0822437-a1cb-4e25-9661-19026a3e8aec]>> copied ntuples-gen.py
[MFLOG|0|2022-10-21T23:54:25.134359Z|runtime|698fa6b3-2db3-4251-93c5-b2abcfd37dd9]>> Creating project symlinks
[MFLOG|0|2022-10-21T23:54:25.134493Z|runtime|b3218731-2b5a-46bb-b664-981b238df2bf]  src/PhysObjectExtractorTool/PhysObjectExtractor/python -> python/PhysObjectExtractorTool/PhysObjectExtractor
[MFLOG|0|2022-10-21T23:54:25.134611Z|runtime|4ac25337-fa5d-499b-bffd-c1ed5a242eb2]Entering library rule at PhysObjectExtractorTool/PhysObjectExtractor
[MFLOG|0|2022-10-21T23:54:25.134744Z|runtime|bf2afa91-481b-44b5-bfa4-3471741735c8]>> Compiling edm plugin /code/CMSSW_7_6_7/src/PhysObjectExtractorTool/PhysObjectExtractor/src/ElectronAnalyzer.cc 
[MFLOG|0|2022-10-21T23:54:25.134872Z|runtime|2a18e666-d70e-4dfc-ac49-325a5b82178a]>> Compiling edm plugin /code/CMSSW_7_6_7/src/PhysObjectExtractorTool/PhysObjectExtractor/src/FatjetAnalyzer.cc 
[MFLOG|0|2022-10-21T23:54:25.135011Z|runtime|ae4d66f0-0055-4310-b498-0713ecf5bdd0]>> Compiling edm plugin /code/CMSSW_7_6_7/src/PhysObjectExtractorTool/PhysObjectExtractor/src/GenParticleAnalyzer.cc 
[MFLOG|0|2022-10-21T23:54:25.135146Z|runtime|d869b89f-86a3-4c7e-971e-12afd9989d18]>> Compiling edm plugin /code/CMSSW_7_6_7/src/PhysObjectExtractorTool/PhysObjectExtractor/src/JetAnalyzer.cc 
[MFLOG|0|2022-10-21T23:54:25.135268Z|runtime|c3db66b4-45c1-4e87-956c-1fff003c2178]>> Compiling edm plugin /code/CMSSW_7_6_7/src/PhysObjectExtractorTool/PhysObjectExtractor/src/MetAnalyzer.cc 
[MFLOG|0|2022-10-21T23:54:25.135474Z|runtime|bbee2384-cf58-4ccc-9e68-253d547493a2]>> Compiling edm plugin /code/CMSSW_7_6_7/src/PhysObjectExtractorTool/PhysObjectExtractor/src/MuonAnalyzer.cc 
[MFLOG|0|2022-10-21T23:54:25.135746Z|runtime|9262b236-4d6c-4679-9c12-5c6199dad721]>> Compiling edm plugin /code/CMSSW_7_6_7/src/PhysObjectExtractorTool/PhysObjectExtractor/src/PhotonAnalyzer.cc 
[MFLOG|0|2022-10-21T23:54:25.135909Z|runtime|cfb5f9de-9c81-4ef4-9e53-ae78be97e404]>> Compiling edm plugin /code/CMSSW_7_6_7/src/PhysObjectExtractorTool/PhysObjectExtractor/src/SimpleEleMuFilter.cc 
[MFLOG|0|2022-10-21T23:54:25.136048Z|runtime|33c99b4f-b779-41c4-9204-0709db82dd77]>> Compiling edm plugin /code/CMSSW_7_6_7/src/PhysObjectExtractorTool/PhysObjectExtractor/src/SimpleTriggerAnalyzer.cc 
[MFLOG|0|2022-10-21T23:54:25.136174Z|runtime|3b36b087-65ea-412b-b18e-5dba9651a48d]>> Compiling edm plugin /code/CMSSW_7_6_7/src/PhysObjectExtractorTool/PhysObjectExtractor/src/TauAnalyzer.cc 
[MFLOG|0|2022-10-21T23:54:25.136310Z|runtime|8cdea030-61f6-477a-846d-75ad000bcaaf]>> Compiling edm plugin /code/CMSSW_7_6_7/src/PhysObjectExtractorTool/PhysObjectExtractor/src/TriggObjectAnalyzer.cc 
[MFLOG|0|2022-10-21T23:54:25.136436Z|runtime|3c792961-b5f1-4ade-a0cf-b781015e6c60]>> Compiling edm plugin /code/CMSSW_7_6_7/src/PhysObjectExtractorTool/PhysObjectExtractor/src/TriggerAnalyzer.cc 
[MFLOG|0|2022-10-21T23:54:25.136663Z|runtime|2e31c847-e8b9-4177-b239-4a803a87c9bf]>> Compiling edm plugin /code/CMSSW_7_6_7/src/PhysObjectExtractorTool/PhysObjectExtractor/src/VertexAnalyzer.cc 
[MFLOG|0|2022-10-21T23:54:25.137205Z|runtime|33cca17f-ef15-4979-9413-7b0c95de4ea4]>> Building edm plugin tmp/slc6_amd64_gcc493/src/PhysObjectExtractorTool/PhysObjectExtractor/src/PhysObjectExtractorToolPhysObjectExtractor/libPhysObjectExtractorToolPhysObjectExtractor.so
[MFLOG|0|2022-10-21T23:54:25.137379Z|runtime|626be294-5560-43b5-9cbc-e734298e05e7]Leaving library rule at PhysObjectExtractorTool/PhysObjectExtractor
[MFLOG|0|2022-10-21T23:54:25.137517Z|runtime|c0721a6e-3401-4378-9cf8-c2471d700634]@@@@ Running edmWriteConfigs for PhysObjectExtractorToolPhysObjectExtractor
[MFLOG|0|2022-10-21T23:54:25.137689Z|runtime|f0d7b590-ca36-4f2c-9da1-adff6c72cbab]--- Registered EDM Plugin: PhysObjectExtractorToolPhysObjectExtractor
[MFLOG|0|2022-10-21T23:54:25.137825Z|runtime|b8b4f340-0d9f-4f87-a782-30ed7709d698]>> Leaving Package PhysObjectExtractorTool/PhysObjectExtractor
[MFLOG|0|2022-10-21T23:54:25.137947Z|runtime|25a91ba3-6ccb-4934-9796-b819b95c4d1a]>> Package PhysObjectExtractorTool/PhysObjectExtractor built
[MFLOG|0|2022-10-21T23:54:25.138076Z|runtime|02bd2781-2820-48e3-ad94-8d607cdb7d45]>> Local Products Rules ..... started
[MFLOG|0|2022-10-21T23:54:25.138196Z|runtime|3257d963-8ee2-4969-9ffa-a31ad670040b]>> Local Products Rules ..... done
[MFLOG|0|2022-10-21T23:54:25.138312Z|runtime|17007be6-1881-40a9-9af5-cb9175116a18]gmake[1]: Entering directory `/code/CMSSW_7_6_7'
[MFLOG|0|2022-10-21T23:54:25.138444Z|runtime|b79f72d2-f4cf-4aca-818b-4feaec0364c9]>> Creating project symlinks
[MFLOG|0|2022-10-21T23:54:25.138561Z|runtime|f7f48875-cfe2-4041-b975-e3e91de33869]  src/PhysObjectExtractorTool/PhysObjectExtractor/python -> python/PhysObjectExtractorTool/PhysObjectExtractor
[MFLOG|0|2022-10-21T23:54:25.141672Z|runtime|8067a754-8b5e-4050-9d9b-ff1e6b803ef3]>> Done python_symlink
[MFLOG|0|2022-10-21T23:54:25.141873Z|runtime|4a57e743-a72e-42db-a687-4c2fead68060]>> Compiling python modules python
[MFLOG|0|2022-10-21T23:54:25.143489Z|runtime|62729ca0-aae9-4a0d-9ca9-f600912df349]>> Compiling python modules src/PhysObjectExtractorTool/PhysObjectExtractor/python
[MFLOG|0|2022-10-21T23:54:25.143699Z|runtime|46b22a20-8153-405c-928f-cdb17ae1a1f2]>> All python modules compiled
[MFLOG|0|2022-10-21T23:54:25.143851Z|runtime|22051c3b-0c7b-4858-bd64-b5568d623ff0]@@@@ Refreshing Plugins:edmPluginRefresh
[MFLOG|0|2022-10-21T23:54:25.143992Z|runtime|151f6a3d-41fc-4f01-9fb2-ed003d9a8dff]>> Pluging of all type refreshed.
[MFLOG|0|2022-10-21T23:54:25.144127Z|runtime|202c0a6d-2ded-4c18-83b4-0aabc2a6ee6b]>> Done generating edm plugin poisoned information
[MFLOG|0|2022-10-21T23:54:25.144262Z|runtime|da305821-259c-4f9b-85ed-37e6b31025cb]gmake[1]: Leaving directory `/code/CMSSW_7_6_7'
[MFLOG|0|2022-10-21T23:54:25.144460Z|runtime|14f7b99e-47fc-4f73-92b3-de1a0ca16ae3]2
[MFLOG|0|2022-10-21T23:54:25.144599Z|runtime|c4616543-127c-4cd1-b8bf-a0c1d1edbccd]# Conditions read from  CMS_CONDITIONS  via FrontierProd 
[MFLOG|0|2022-10-21T23:54:25.144739Z|runtime|883745d0-027f-43a3-8f57-fd1f7ddd322f]HLTConfig has changed for this Run. . . 
[MFLOG|0|2022-10-21T23:54:25.144869Z|runtime|037cf371-48f2-459e-9670-8cc7fb337525]TrackerParametersESModule::produce(const PTrackerParametersRcd& iRecord)
[MFLOG|0|2022-10-21T23:54:25.145000Z|runtime|f12e8655-4028-4cf9-9a5a-95501fe3668d]38404
[MFLOG|0|2022-10-21T23:54:25.145130Z|runtime|2e7b62fb-b7d9-417d-a1f6-874fddcbd970]38404
[MFLOG|0|2022-10-21T23:54:25.145257Z|runtime|de051ed7-5f54-4965-b38a-0cee136782d1]
[MFLOG|0|2022-10-21T23:54:25.145418Z|runtime|8f444839-2b2b-426c-b091-714b5ec122b9]Return Code: 1
[MFLOG|0|2022-10-21T23:54:26.533721Z|runtime|f81a99a4-14d4-4a30-b39a-97feb1f929ff]The error is: 
[MFLOG|0|2022-10-21T23:54:26.533932Z|runtime|7070da76-80a5-4570-a38b-8efe1787e2d0] WARNING: In non-interactive mode release checks e.g. deprecated releases, production architectures are disabled.
[MFLOG|0|2022-10-21T23:54:26.534057Z|runtime|49451e39-3d6f-42ed-8fc4-0bf3625c6b20]/home/abd/Desktop/Work/Metaflow/CMS-Analysis/shell-scripts/Bash/runpoet-bash.sh: line 4: cd: CMSSW_7_6_7/src: No such file or directory
[MFLOG|0|2022-10-21T23:54:26.534166Z|runtime|925f32d0-769b-4b0c-ab18-f43efb754803]WARNING: In non-interactive mode release checks e.g. deprecated releases, production architectures are disabled.
[MFLOG|0|2022-10-21T23:54:26.534268Z|runtime|b561fbae-a7ef-4b6a-beb2-b4205399579f]WARNING: There already exists /code/CMSSW_7_6_7 area for SCRAM_ARCH slc6_amd64_gcc493.
[MFLOG|0|2022-10-21T23:54:26.534366Z|runtime|2d71f0f6-1f16-4768-a90c-43115fb1a54f]Cloning into 'PhysObjectExtractorTool'...
[MFLOG|0|2022-10-21T23:54:26.534465Z|runtime|81fe7567-bad4-4150-8015-a00d74fb3efe]22-Oct-2022 01:25:18 CEST  Initiating request to open file root://eospublic.cern.ch//eos/opendata/cms/mc/RunIIFall15MiniAODv2/WJetsToLNu_TuneCUETP8M1_13TeV-amcatnloFXFX-pythia8/MINIAODSIM/PU25nsData2015v1_76X_mcRun2_asymptotic_v12_ext4-v1/00000/003C3C2D-06EA-E511-8381-0023AEEEB799.root
[MFLOG|0|2022-10-21T23:54:26.534568Z|runtime|9955ead3-2869-489f-987f-34f8e81c5017]%MSG-w XrdAdaptor:  file_open 22-Oct-2022 01:25:20 CEST pre-events
[MFLOG|0|2022-10-21T23:54:26.534669Z|runtime|383493c7-04a7-47c6-bde4-c6fbf4229347]Data is served from cern.ch instead of original site eospublic
[MFLOG|0|2022-10-21T23:54:26.534779Z|runtime|338570aa-a7ac-4b4b-bad8-95c0485c6e33]%MSG
[MFLOG|0|2022-10-21T23:54:26.534892Z|runtime|af12e8ef-9c1d-438a-947f-960746605adb]22-Oct-2022 01:25:22 CEST  Successfully opened file root://eospublic.cern.ch//eos/opendata/cms/mc/RunIIFall15MiniAODv2/WJetsToLNu_TuneCUETP8M1_13TeV-amcatnloFXFX-pythia8/MINIAODSIM/PU25nsData2015v1_76X_mcRun2_asymptotic_v12_ext4-v1/00000/003C3C2D-06EA-E511-8381-0023AEEEB799.root
[MFLOG|0|2022-10-21T23:54:26.535003Z|runtime|e1d13d98-cc2d-420d-9280-d7a7708415d7]22-Oct-2022 01:41:02 CEST  Closed file root://eospublic.cern.ch//eos/opendata/cms/mc/RunIIFall15MiniAODv2/WJetsToLNu_TuneCUETP8M1_13TeV-amcatnloFXFX-pythia8/MINIAODSIM/PU25nsData2015v1_76X_mcRun2_asymptotic_v12_ext4-v1/00000/003C3C2D-06EA-E511-8381-0023AEEEB799.root
[MFLOG|0|2022-10-21T23:54:26.535112Z|runtime|7af506b0-7c29-4220-af1d-2a25a94f9fe2]22-Oct-2022 01:41:02 CEST  Initiating request to open file root://eospublic.cern.ch//eos/opendata/cms/mc/RunIIFall15MiniAODv2/WJetsToLNu_TuneCUETP8M1_13TeV-amcatnloFXFX-pythia8/MINIAODSIM/PU25nsData2015v1_76X_mcRun2_asymptotic_v12_ext4-v1/00000/00940DCD-0DEC-E511-BF97-34E6D7E38781.root
[MFLOG|0|2022-10-21T23:54:26.535218Z|runtime|86859d6c-7c95-482b-8a99-453336ec3f8d]%MSG-w XrdAdaptor:  file_open 22-Oct-2022 01:41:03 CEST PostProcessEvent
[MFLOG|0|2022-10-21T23:54:26.535322Z|runtime|f4dd8ab6-d3c2-44e6-98b7-1db8b209757c]Data is served from cern.ch instead of original site eospublic
[MFLOG|0|2022-10-21T23:54:26.535426Z|runtime|54083807-3836-40d2-9a0b-6ce2c6688ecb]%MSG
[MFLOG|0|2022-10-21T23:54:26.535529Z|runtime|1dc56272-30fd-46ba-9a27-41188f76b2bc]22-Oct-2022 01:41:04 CEST  Successfully opened file root://eospublic.cern.ch//eos/opendata/cms/mc/RunIIFall15MiniAODv2/WJetsToLNu_TuneCUETP8M1_13TeV-amcatnloFXFX-pythia8/MINIAODSIM/PU25nsData2015v1_76X_mcRun2_asymptotic_v12_ext4-v1/00000/00940DCD-0DEC-E511-BF97-34E6D7E38781.root
[MFLOG|0|2022-10-21T23:54:26.535635Z|runtime|6c43b540-6ebf-481f-9286-21ec5583f249][2022-10-22 01:44:05.016593 +0200][Error  ][XRootD            ] [st-096-ee856945.cern.ch:1095] Unable to get the response to request kXR_close (handle: 0x00000000)
[MFLOG|0|2022-10-21T23:54:26.535740Z|runtime|a703ff00-2ec4-497c-b2d8-06bf65869a4d]%MSG-w XrdFileWarning:  (NoModuleName) 22-Oct-2022 01:44:05 CEST pre-events
[MFLOG|0|2022-10-21T23:54:26.535841Z|runtime|a0454cbe-189a-4080-b82c-8198c3636afc]Source delayed close failed with error '[ERROR] Socket error' (errno=0, code=102, server=st-096-ee856945.cern.ch:1095, site=cern.ch)
[MFLOG|0|2022-10-21T23:54:26.535944Z|runtime|a71d5a5e-445e-494d-89dc-9f046af11306]%MSG
[MFLOG|0|2022-10-21T23:54:26.536046Z|runtime|a965e907-8033-4a90-abf1-461f5670122c]22-Oct-2022 01:54:17 CEST  Closed file root://eospublic.cern.ch//eos/opendata/cms/mc/RunIIFall15MiniAODv2/WJetsToLNu_TuneCUETP8M1_13TeV-amcatnloFXFX-pythia8/MINIAODSIM/PU25nsData2015v1_76X_mcRun2_asymptotic_v12_ext4-v1/00000/00940DCD-0DEC-E511-BF97-34E6D7E38781.root
[MFLOG|0|2022-10-21T23:54:26.536151Z|runtime|c2eb45f5-70c6-4460-b384-781efbdaa49d]
[MFLOG|0|2022-10-21T23:54:26.536254Z|runtime|aa2a414b-4a02-4334-bf1b-8cea0fc858cb]=============================================
[MFLOG|0|2022-10-21T23:54:26.536358Z|runtime|4bafbfb6-7ba3-4178-99fe-5be436f5ba29]
[MFLOG|0|2022-10-21T23:54:26.536474Z|runtime|e43077f6-7be3-4119-aacc-2c618708f65f]MessageLogger Summary
[MFLOG|0|2022-10-21T23:54:26.536582Z|runtime|12b6aba3-3ca9-4da8-ab1b-f6dbd073b484]
[MFLOG|0|2022-10-21T23:54:26.536683Z|runtime|1d656caf-7a52-4d99-b713-1c71c29c1f58] type     category        sev    module        subroutine        count    total
[MFLOG|0|2022-10-21T23:54:26.536785Z|runtime|c35dc315-1183-4ab5-b0a8-513fffa03d8e] ---- -------------------- -- ---------------- ----------------  -----    -----
[MFLOG|0|2022-10-21T23:54:26.536904Z|runtime|418cef62-c7f2-48ba-a92b-8715842ae752]    1 XrdAdaptor           -w file_open                              2        2
[MFLOG|0|2022-10-21T23:54:26.537017Z|runtime|c174363f-0ecd-4fe0-8945-8f7744f7d73c]    2 XrdFileWarning       -w (NoModuleName)                         1        1
[MFLOG|0|2022-10-21T23:54:26.537142Z|runtime|819b67bf-8b39-4aba-be6c-841892586c75]    3 fileAction           -s file_close                             2        2
[MFLOG|0|2022-10-21T23:54:26.537281Z|runtime|aeb6c4c6-7e66-49a8-b829-5338064c3941]    4 fileAction           -s file_open                              4        4
[MFLOG|0|2022-10-21T23:54:26.537403Z|runtime|645a6d34-8619-4f81-8d57-9168ee5a15b6]
[MFLOG|0|2022-10-21T23:54:26.537512Z|runtime|35578d83-a64e-4494-88c6-6569dbcebc99] type    category    Examples: run/evt        run/evt          run/evt
[MFLOG|0|2022-10-21T23:54:26.537618Z|runtime|9c47961d-9599-4032-a577-2d07e821a19c] ---- -------------------- ---------------- ---------------- ----------------
[MFLOG|0|2022-10-21T23:54:26.537723Z|runtime|03ee2903-b82b-4086-8957-a243f4b30cee]    1 XrdAdaptor           pre-events       PostProcessEvent 
[MFLOG|0|2022-10-21T23:54:26.537830Z|runtime|e269b94a-060d-4902-b008-0ab2902d5e44]    2 XrdFileWarning       pre-events                        
[MFLOG|0|2022-10-21T23:54:26.537933Z|runtime|c1d37ffb-9277-4e64-a607-f4c6d8a9ef32]    3 fileAction           PostProcessEvent PostEndRun       
[MFLOG|0|2022-10-21T23:54:26.538034Z|runtime|2ea4564f-0560-4fdc-9e50-b52c813a6095]    4 fileAction           pre-events       pre-events       PostProcessEvent
[MFLOG|0|2022-10-21T23:54:26.538137Z|runtime|885c722c-3e40-4903-a8c3-e45b4896d417]
[MFLOG|0|2022-10-21T23:54:26.538240Z|runtime|df57ab49-0541-4c1b-9cf8-252685a4c70d]Severity    # Occurrences   Total Occurrences
[MFLOG|0|2022-10-21T23:54:26.538344Z|runtime|f7598ec3-e398-460d-9f2e-c2b73c7b26d8]--------    -------------   -----------------
[MFLOG|0|2022-10-21T23:54:26.538447Z|runtime|aceb6e74-ba7e-45d0-82df-e9e77c8a8c7c]Warning                 3                   3
[MFLOG|0|2022-10-21T23:54:26.538549Z|runtime|6c2adb8e-e6d2-4288-9449-a9f9bd4305c3]System                  6                   6
[MFLOG|0|2022-10-21T23:54:26.538651Z|runtime|831cb4f5-03bd-4216-84a8-1841c145bc8b]Error response from daemon: No such container: cmssw-20548
[MFLOG|0|2022-10-21T23:54:26.538752Z|runtime|febcf908-139b-4096-8dcd-e053fd6cb98a]
