[MFLOG|0|2022-10-21T22:19:59.148243Z|runtime|43c08f82-99d4-4e6b-8cec-81634365a950]The command is: 
[MFLOG|0|2022-10-21T22:19:59.152150Z|runtime|5ce3b319-54ee-4786-ad58-f25df7dac2cd] 
[MFLOG|0|2022-10-21T22:19:59.154043Z|runtime|a75f7e83-a7e1-497b-954f-12ab88ca9851]        docker run         --rm         --name cmssw-19985         --mount type=bind,source=/home/abd/Desktop/Work/Metaflow/CMS-Analysis,target=/home/abd/Desktop/Work/Metaflow/CMS-Analysis         cmsopendata/cmssw_7_6_7-slc6_amd64_gcc493         bash /home/abd/Desktop/Work/Metaflow/CMS-Analysis/shell-scripts/Bash/runpoet-bash.sh /home/abd/Desktop/Work/Metaflow/CMS-Analysis/vol 2 19985 1 &&         docker stop cmssw-19985 &&         docker rm cmssw-19985
[MFLOG|0|2022-10-21T22:19:59.160770Z|runtime|fc7858b9-2fb1-4ecd-8f23-867d27761ee2]        
[MFLOG|0|2022-10-21T22:19:59.161024Z|runtime|2078c427-949c-42aa-8529-f053daae1709]The output is: 
[MFLOG|0|2022-10-21T22:19:59.161206Z|runtime|29362172-3227-4429-913d-95eb3a5943c9] Setting up CMSSW_7_6_7
[MFLOG|0|2022-10-21T22:19:59.161378Z|runtime|21bdb808-9d01-4eb8-87b1-9d62dba9aa2d]CMSSW should now be available.
[MFLOG|0|2022-10-21T22:19:59.161554Z|runtime|2b0fe2fd-11b7-4306-a65c-e631bb8ff557]This is a standalone image for CMSSW_7_6_7 slc6_amd64_gcc493.
[MFLOG|0|2022-10-21T22:19:59.161753Z|runtime|22a4fe6b-bfb1-42aa-812c-d37a637a0761]inside script file
[MFLOG|0|2022-10-21T22:19:59.161913Z|runtime|f35e20b4-ab6c-4a0d-9810-65456a0a9d43]Setting up CMSSW_7_6_7
[MFLOG|0|2022-10-21T22:19:59.162043Z|runtime|120208a1-e5bc-4ae8-90db-dce76d7ff750]CMSSW should now be available.
[MFLOG|0|2022-10-21T22:19:59.162185Z|runtime|b618f308-aed8-413a-9ba9-06de06f96d08]This is a standalone image for CMSSW_7_6_7 slc6_amd64_gcc493.
[MFLOG|0|2022-10-21T22:19:59.170200Z|runtime|77403efd-b873-42ac-9db0-08547630cdfe]>> Local Products Rules ..... started
[MFLOG|0|2022-10-21T22:19:59.171406Z|runtime|428d071e-cc5b-40b6-ba25-62529cc4928c]>> Local Products Rules ..... done
[MFLOG|0|2022-10-21T22:19:59.178046Z|runtime|49012fc5-f51d-4903-81f9-1d3dfa5c0edf]>> Entering Package PhysObjectExtractorTool/PhysObjectExtractor
[MFLOG|0|2022-10-21T22:19:59.178261Z|runtime|cc8b2258-c488-4906-b709-efdef9689e0b]------- copying files from src/PhysObjectExtractorTool/PhysObjectExtractor/scripts -------
[MFLOG|0|2022-10-21T22:19:59.178416Z|runtime|c40e8109-2c65-4faa-9d62-c4fc45a3f2ad]>> copied merge_trees.py
[MFLOG|0|2022-10-21T22:19:59.178556Z|runtime|153b339c-a91b-4d5d-8454-e3836a70e5c8]>> copied ntuples-gen.py
[MFLOG|0|2022-10-21T22:19:59.178692Z|runtime|cc68b8cd-3efc-4b0f-b48b-3935f1c7d68f]>> Creating project symlinks
[MFLOG|0|2022-10-21T22:19:59.180146Z|runtime|329120d2-9097-4dcc-b504-bf23c0bf6eda]  src/PhysObjectExtractorTool/PhysObjectExtractor/python -> python/PhysObjectExtractorTool/PhysObjectExtractor
[MFLOG|0|2022-10-21T22:19:59.183038Z|runtime|83438602-83b2-4c97-8bd2-8027b2d20aad]Entering library rule at PhysObjectExtractorTool/PhysObjectExtractor
[MFLOG|0|2022-10-21T22:19:59.183987Z|runtime|b3fc0008-122b-43fd-9234-09b0176d4a5a]>> Compiling edm plugin /code/CMSSW_7_6_7/src/PhysObjectExtractorTool/PhysObjectExtractor/src/ElectronAnalyzer.cc 
[MFLOG|0|2022-10-21T22:19:59.186080Z|runtime|7efd9681-61c2-48ee-83a7-444d05874d97]>> Compiling edm plugin /code/CMSSW_7_6_7/src/PhysObjectExtractorTool/PhysObjectExtractor/src/FatjetAnalyzer.cc 
[MFLOG|0|2022-10-21T22:19:59.186694Z|runtime|72c5c876-1af5-4a00-b513-88405ad27ddf]>> Compiling edm plugin /code/CMSSW_7_6_7/src/PhysObjectExtractorTool/PhysObjectExtractor/src/GenParticleAnalyzer.cc 
[MFLOG|0|2022-10-21T22:19:59.186867Z|runtime|034c54a4-3e67-4990-9390-e290e9d4419b]>> Compiling edm plugin /code/CMSSW_7_6_7/src/PhysObjectExtractorTool/PhysObjectExtractor/src/JetAnalyzer.cc 
[MFLOG|0|2022-10-21T22:19:59.187003Z|runtime|ca8437f2-61ae-4660-a211-b930d2e6f748]>> Compiling edm plugin /code/CMSSW_7_6_7/src/PhysObjectExtractorTool/PhysObjectExtractor/src/MetAnalyzer.cc 
[MFLOG|0|2022-10-21T22:19:59.187136Z|runtime|982f14a0-13bc-4dd1-8878-9830af54f6b7]>> Compiling edm plugin /code/CMSSW_7_6_7/src/PhysObjectExtractorTool/PhysObjectExtractor/src/MuonAnalyzer.cc 
[MFLOG|0|2022-10-21T22:19:59.187259Z|runtime|420aa1da-eb99-473b-b4dd-31af08fac288]>> Compiling edm plugin /code/CMSSW_7_6_7/src/PhysObjectExtractorTool/PhysObjectExtractor/src/PhotonAnalyzer.cc 
[MFLOG|0|2022-10-21T22:19:59.190063Z|runtime|2f1224cf-2179-400c-9ba1-af8f101f8b03]>> Compiling edm plugin /code/CMSSW_7_6_7/src/PhysObjectExtractorTool/PhysObjectExtractor/src/SimpleEleMuFilter.cc 
[MFLOG|0|2022-10-21T22:19:59.190246Z|runtime|f075c079-ea63-46e8-aa63-58ab375f9e15]>> Compiling edm plugin /code/CMSSW_7_6_7/src/PhysObjectExtractorTool/PhysObjectExtractor/src/SimpleTriggerAnalyzer.cc 
[MFLOG|0|2022-10-21T22:19:59.190374Z|runtime|f035ca55-5974-4c4f-983f-025e97437f4b]>> Compiling edm plugin /code/CMSSW_7_6_7/src/PhysObjectExtractorTool/PhysObjectExtractor/src/TauAnalyzer.cc 
[MFLOG|0|2022-10-21T22:19:59.191595Z|runtime|81ee045b-043f-4ad2-9cd0-b7dbed78e971]>> Compiling edm plugin /code/CMSSW_7_6_7/src/PhysObjectExtractorTool/PhysObjectExtractor/src/TriggObjectAnalyzer.cc 
[MFLOG|0|2022-10-21T22:19:59.191781Z|runtime|5aa1d540-bd73-4e14-bacb-e88faca395f2]>> Compiling edm plugin /code/CMSSW_7_6_7/src/PhysObjectExtractorTool/PhysObjectExtractor/src/TriggerAnalyzer.cc 
[MFLOG|0|2022-10-21T22:19:59.191937Z|runtime|e5254366-b4f0-461b-b11a-b37cc77575bb]>> Compiling edm plugin /code/CMSSW_7_6_7/src/PhysObjectExtractorTool/PhysObjectExtractor/src/VertexAnalyzer.cc 
[MFLOG|0|2022-10-21T22:19:59.192092Z|runtime|3fb618e3-576a-4f0e-abbc-6e566f5d1a5a]>> Building edm plugin tmp/slc6_amd64_gcc493/src/PhysObjectExtractorTool/PhysObjectExtractor/src/PhysObjectExtractorToolPhysObjectExtractor/libPhysObjectExtractorToolPhysObjectExtractor.so
[MFLOG|0|2022-10-21T22:19:59.192235Z|runtime|3acf22dc-405d-473d-919d-81708896fcea]Leaving library rule at PhysObjectExtractorTool/PhysObjectExtractor
[MFLOG|0|2022-10-21T22:19:59.192376Z|runtime|343aed15-3862-4922-8b1e-8f675d021e73]@@@@ Running edmWriteConfigs for PhysObjectExtractorToolPhysObjectExtractor
[MFLOG|0|2022-10-21T22:19:59.192537Z|runtime|372f260d-0620-46ef-b222-fb8d1e18aa33]--- Registered EDM Plugin: PhysObjectExtractorToolPhysObjectExtractor
[MFLOG|0|2022-10-21T22:19:59.192685Z|runtime|9e67489c-f47d-4663-aab0-bfbb301d18d4]>> Leaving Package PhysObjectExtractorTool/PhysObjectExtractor
[MFLOG|0|2022-10-21T22:19:59.192831Z|runtime|d4a99186-9fc6-499a-99eb-e8289269577a]>> Package PhysObjectExtractorTool/PhysObjectExtractor built
[MFLOG|0|2022-10-21T22:19:59.192985Z|runtime|fef04c47-0d76-4e62-bfb7-ffcdbed7e3ea]>> Local Products Rules ..... started
[MFLOG|0|2022-10-21T22:19:59.193134Z|runtime|a437b8a0-d840-4376-8b08-33f8ae1f4ef0]>> Local Products Rules ..... done
[MFLOG|0|2022-10-21T22:19:59.193301Z|runtime|b13daa8f-7e16-4ad7-bdaf-cbd5d40bb222]gmake[1]: Entering directory `/code/CMSSW_7_6_7'
[MFLOG|0|2022-10-21T22:19:59.193459Z|runtime|b2f79369-4d86-4672-9332-bba5520fbce4]>> Creating project symlinks
[MFLOG|0|2022-10-21T22:19:59.193605Z|runtime|55c9084c-36a3-4308-a0df-8b23ae1d986a]  src/PhysObjectExtractorTool/PhysObjectExtractor/python -> python/PhysObjectExtractorTool/PhysObjectExtractor
[MFLOG|0|2022-10-21T22:19:59.193751Z|runtime|17e1bbb5-1015-4c70-b104-152a4fe7b7b4]>> Done python_symlink
[MFLOG|0|2022-10-21T22:19:59.193880Z|runtime|56882b91-bdc2-40ec-8279-2432b879a70b]>> Compiling python modules python
[MFLOG|0|2022-10-21T22:19:59.194014Z|runtime|b9d8c636-9981-4a89-8250-769ad8a9284e]>> Compiling python modules src/PhysObjectExtractorTool/PhysObjectExtractor/python
[MFLOG|0|2022-10-21T22:19:59.194156Z|runtime|aa306369-ef51-4ac5-ae08-c92f217a44b8]>> All python modules compiled
[MFLOG|0|2022-10-21T22:19:59.198004Z|runtime|453d9d41-2966-4bb4-a333-e043488ddc83]@@@@ Refreshing Plugins:edmPluginRefresh
[MFLOG|0|2022-10-21T22:19:59.198215Z|runtime|3bc16186-f159-4e41-9af7-95ffa9130d0e]>> Pluging of all type refreshed.
[MFLOG|0|2022-10-21T22:19:59.198370Z|runtime|ee5e2741-7878-4607-8b00-6398d945c759]>> Done generating edm plugin poisoned information
[MFLOG|0|2022-10-21T22:19:59.200416Z|runtime|cb2e2cd6-92d0-41e2-8643-ba76f0287fda]gmake[1]: Leaving directory `/code/CMSSW_7_6_7'
[MFLOG|0|2022-10-21T22:19:59.201260Z|runtime|eb543701-2ee8-463e-b98c-d8d08692da77]2
[MFLOG|0|2022-10-21T22:19:59.201415Z|runtime|309e7c3a-db89-49be-b3df-dc81222f5d5e]# Conditions read from  CMS_CONDITIONS  via FrontierProd 
[MFLOG|0|2022-10-21T22:19:59.202564Z|runtime|4b8a96aa-43bf-4a27-ab7b-9a3c54ee4062]HLTConfig has changed for this Run. . . 
[MFLOG|0|2022-10-21T22:19:59.202762Z|runtime|e3e833c5-98bd-45f1-aee0-8d713369ae4c]TrackerParametersESModule::produce(const PTrackerParametersRcd& iRecord)
[MFLOG|0|2022-10-21T22:19:59.202904Z|runtime|ca4de7b6-ad86-4d0e-9345-bcac149d6935]45259
[MFLOG|0|2022-10-21T22:19:59.203041Z|runtime|bd07d8ac-4ef1-406c-b49c-e3ce124731a9]45259
[MFLOG|0|2022-10-21T22:19:59.203169Z|runtime|5d668997-37b8-4944-8e72-001a524840eb]
[MFLOG|0|2022-10-21T22:19:59.204612Z|runtime|88be1c53-8ec8-487a-8a1a-2ac6543c15ba]Return Code: 1
[MFLOG|0|2022-10-21T22:19:59.204861Z|runtime|154de38e-e9c4-4eed-b00d-8580ccc6c83b]The error is: 
[MFLOG|0|2022-10-21T22:19:59.205043Z|runtime|fc0ad499-6002-4480-ba57-83f3cd86e8fb] WARNING: In non-interactive mode release checks e.g. deprecated releases, production architectures are disabled.
[MFLOG|0|2022-10-21T22:19:59.205204Z|runtime|e255c3d8-178a-4bb5-a495-0ead2e63a92a]/home/abd/Desktop/Work/Metaflow/CMS-Analysis/shell-scripts/Bash/runpoet-bash.sh: line 4: cd: CMSSW_7_6_7/src: No such file or directory
[MFLOG|0|2022-10-21T22:19:59.205368Z|runtime|8df32e40-248f-494a-a410-452ef8e6d720]WARNING: In non-interactive mode release checks e.g. deprecated releases, production architectures are disabled.
[MFLOG|0|2022-10-21T22:19:59.207100Z|runtime|17ab0983-fb11-43fd-b7bb-22df2ace1356]WARNING: There already exists /code/CMSSW_7_6_7 area for SCRAM_ARCH slc6_amd64_gcc493.
[MFLOG|0|2022-10-21T22:19:59.209048Z|runtime|430119bf-33c4-43d2-aa6c-1f182f5d4ad1]Cloning into 'PhysObjectExtractorTool'...
[MFLOG|0|2022-10-21T22:19:59.211903Z|runtime|35c35003-1982-43bb-96dd-fcb971170898]21-Oct-2022 23:54:54 CEST  Initiating request to open file root://eospublic.cern.ch//eos/opendata/cms/mc/RunIIFall15MiniAODv2/TT_TuneCUETP8M1_13TeV-powheg-scaleup-pythia8/MINIAODSIM/PU25nsData2015v1_76X_mcRun2_asymptotic_v12_ext3-v1/10000/002A13F7-B8CB-E511-A112-003048CB7B30.root
[MFLOG|0|2022-10-21T22:20:00.721489Z|runtime|0f3e376b-afa1-46a5-ac5e-6d4698f9e6b7]%MSG-w XrdAdaptor:  file_open 21-Oct-2022 23:54:56 CEST pre-events
[MFLOG|0|2022-10-21T22:20:00.724570Z|runtime|8d8f2327-3eb5-4dd2-a9a7-33b3d9bf93da]Data is served from cern.ch instead of original site eospublic
[MFLOG|0|2022-10-21T22:20:00.728783Z|runtime|332aa7d6-7ae3-4f96-b178-e59c973a045a]%MSG
[MFLOG|0|2022-10-21T22:20:00.728932Z|runtime|c85c59da-2bfb-4364-ab19-fecaeaa12ff2]21-Oct-2022 23:54:58 CEST  Successfully opened file root://eospublic.cern.ch//eos/opendata/cms/mc/RunIIFall15MiniAODv2/TT_TuneCUETP8M1_13TeV-powheg-scaleup-pythia8/MINIAODSIM/PU25nsData2015v1_76X_mcRun2_asymptotic_v12_ext3-v1/10000/002A13F7-B8CB-E511-A112-003048CB7B30.root
[MFLOG|0|2022-10-21T22:20:00.729022Z|runtime|0512bb28-3be6-4a1b-a4e5-8f3b6d67ebdd]22-Oct-2022 00:08:24 CEST  Closed file root://eospublic.cern.ch//eos/opendata/cms/mc/RunIIFall15MiniAODv2/TT_TuneCUETP8M1_13TeV-powheg-scaleup-pythia8/MINIAODSIM/PU25nsData2015v1_76X_mcRun2_asymptotic_v12_ext3-v1/10000/002A13F7-B8CB-E511-A112-003048CB7B30.root
[MFLOG|0|2022-10-21T22:20:00.729125Z|runtime|b5ceef10-0189-45da-aac6-3b09e464b41a]22-Oct-2022 00:08:24 CEST  Initiating request to open file root://eospublic.cern.ch//eos/opendata/cms/mc/RunIIFall15MiniAODv2/TT_TuneCUETP8M1_13TeV-powheg-scaleup-pythia8/MINIAODSIM/PU25nsData2015v1_76X_mcRun2_asymptotic_v12_ext3-v1/10000/005D1B60-BACB-E511-8E93-0025902009BC.root
[MFLOG|0|2022-10-21T22:20:00.729225Z|runtime|f4afc14d-5065-48d6-9254-d85860221ce7]%MSG-w XrdAdaptor:  file_open 22-Oct-2022 00:08:25 CEST PostProcessEvent
[MFLOG|0|2022-10-21T22:20:00.729322Z|runtime|b8f2ca7f-26dd-4d7b-a713-ebce24109105]Data is served from cern.ch instead of original site eospublic
[MFLOG|0|2022-10-21T22:20:00.729418Z|runtime|d6b949f5-998e-4480-a750-332ea5d7e01f]%MSG
[MFLOG|0|2022-10-21T22:20:00.729514Z|runtime|67e560a8-6351-4d89-832c-9ab4d40e81cb]22-Oct-2022 00:08:25 CEST  Successfully opened file root://eospublic.cern.ch//eos/opendata/cms/mc/RunIIFall15MiniAODv2/TT_TuneCUETP8M1_13TeV-powheg-scaleup-pythia8/MINIAODSIM/PU25nsData2015v1_76X_mcRun2_asymptotic_v12_ext3-v1/10000/005D1B60-BACB-E511-8E93-0025902009BC.root
[MFLOG|0|2022-10-21T22:20:00.729611Z|runtime|6e81b49e-6b34-4387-9945-75158fd554fc][2022-10-22 00:11:25.240835 +0200][Error  ][XRootD            ] [p06636710g58834.cern.ch:1095] Unable to get the response to request kXR_close (handle: 0x00000000)
[MFLOG|0|2022-10-21T22:20:00.729710Z|runtime|9f8f3808-b405-4a4d-8139-4b7255c1fe46]%MSG-w XrdFileWarning:  (NoModuleName) 22-Oct-2022 00:11:25 CEST pre-events
[MFLOG|0|2022-10-21T22:20:00.729806Z|runtime|fe898f1e-c3f9-42a6-84d6-ed5df8740e1e]Source delayed close failed with error '[ERROR] Operation expired' (errno=0, code=206, server=p06636710g58834.cern.ch:1095, site=cern.ch)
[MFLOG|0|2022-10-21T22:20:00.729902Z|runtime|a1dd8794-efba-4b61-9632-efc70f2c9e06]%MSG
[MFLOG|0|2022-10-21T22:20:00.729996Z|runtime|7a93b59f-1f55-4afe-8af4-d933ebfb688f][2022-10-22 00:19:24.305933 +0200][Error  ][XRootD            ] [eospublic.cern.ch:1094] Unable to get the response to request kXR_open (file: /eos/opendata/cms/mc/RunIIFall15MiniAODv2/TT_TuneCUETP8M1_13TeV-powheg-scaleup-pythia8/MINIAODSIM/PU25nsData2015v1_76X_mcRun2_asymptotic_v12_ext3-v1/10000/005D1B60-BACB-E511-8E93-0025902009BC.root?tried=st-096-gg500pal.cern.ch,st-096-gg500qew.cern.ch, mode: 0660, flags: kXR_open_read kXR_async kXR_retstat )
[MFLOG|0|2022-10-21T22:20:00.730098Z|runtime|6404cb87-ade5-4c33-8377-20e998fb7041]22-Oct-2022 00:19:49 CEST  Closed file root://eospublic.cern.ch//eos/opendata/cms/mc/RunIIFall15MiniAODv2/TT_TuneCUETP8M1_13TeV-powheg-scaleup-pythia8/MINIAODSIM/PU25nsData2015v1_76X_mcRun2_asymptotic_v12_ext3-v1/10000/005D1B60-BACB-E511-8E93-0025902009BC.root
[MFLOG|0|2022-10-21T22:20:00.730196Z|runtime|a3863aba-6d22-4e86-8e26-2ba9708326ce]
[MFLOG|0|2022-10-21T22:20:00.730292Z|runtime|a4acede8-11d4-4761-ad1e-ebac10f10d3d]=============================================
[MFLOG|0|2022-10-21T22:20:00.730388Z|runtime|b353e9f4-06f8-4fe0-9e8d-66deb057cf72]
[MFLOG|0|2022-10-21T22:20:00.730483Z|runtime|0f7d6ddb-229f-499f-ab32-09058a2ef956]MessageLogger Summary
[MFLOG|0|2022-10-21T22:20:00.730580Z|runtime|3ec1978a-be3d-43c1-9ac7-699133504e29]
[MFLOG|0|2022-10-21T22:20:00.730675Z|runtime|69042cb6-2309-40aa-bd73-503c9d104459] type     category        sev    module        subroutine        count    total
[MFLOG|0|2022-10-21T22:20:00.732153Z|runtime|16cb850c-7dd0-4ec5-bc2e-05ecb6799823] ---- -------------------- -- ---------------- ----------------  -----    -----
[MFLOG|0|2022-10-21T22:20:00.732547Z|runtime|d68a2055-b327-41be-aa3f-3573c66e71d3]    1 XrdAdaptor           -w file_open                              2        2
[MFLOG|0|2022-10-21T22:20:00.732724Z|runtime|3ec9e0ae-8ce4-4a32-9524-f0ddaebfa5b6]    2 XrdFileWarning       -w (NoModuleName)                         1        1
[MFLOG|0|2022-10-21T22:20:00.732965Z|runtime|f9cab40d-4521-4553-81a5-6fc187fd9d02]    3 fileAction           -s file_close                             2        2
[MFLOG|0|2022-10-21T22:20:00.733593Z|runtime|f8bf94d5-90fa-46ba-b109-7f98c3fd652a]    4 fileAction           -s file_open                              4        4
[MFLOG|0|2022-10-21T22:20:00.734608Z|runtime|912b3ab1-733d-4e95-bd40-d643554a788d]
[MFLOG|0|2022-10-21T22:20:00.735020Z|runtime|49c43bcb-fdc5-4aca-b4a9-9d955fcf47db] type    category    Examples: run/evt        run/evt          run/evt
[MFLOG|0|2022-10-21T22:20:00.735182Z|runtime|507bc40c-07cf-40fe-83e0-7a424096613c] ---- -------------------- ---------------- ---------------- ----------------
[MFLOG|0|2022-10-21T22:20:00.735915Z|runtime|61f23545-2189-4c45-aaaf-d0a106bf94e3]    1 XrdAdaptor           pre-events       PostProcessEvent 
[MFLOG|0|2022-10-21T22:20:00.736595Z|runtime|790b3b63-c72c-418d-bbee-a503fe79e5f0]    2 XrdFileWarning       pre-events                        
[MFLOG|0|2022-10-21T22:20:00.737199Z|runtime|37fe7c25-3af6-43d2-8d98-bb5d3ea93e75]    3 fileAction           PostProcessEvent PostEndRun       
[MFLOG|0|2022-10-21T22:20:00.737581Z|runtime|693148f5-a7a5-47c1-a8d4-3a7f6d5bd96f]    4 fileAction           pre-events       pre-events       PostProcessEvent
[MFLOG|0|2022-10-21T22:20:00.738559Z|runtime|0fa8cd81-9748-476a-8243-220c7026a89f]
[MFLOG|0|2022-10-21T22:20:00.738746Z|runtime|54755c50-3bcb-4cac-8807-9fce99feb230]Severity    # Occurrences   Total Occurrences
[MFLOG|0|2022-10-21T22:20:00.739506Z|runtime|c5ddf660-6e2b-46ad-a67e-e0dcddfe0cf9]--------    -------------   -----------------
[MFLOG|0|2022-10-21T22:20:00.740659Z|runtime|0afc0e1b-0775-4ff0-9d33-88f728e2b848]Warning                 3                   3
[MFLOG|0|2022-10-21T22:20:00.741337Z|runtime|402af488-4032-4ed5-8aba-743fd177f004]System                  6                   6
[MFLOG|0|2022-10-21T22:20:00.741803Z|runtime|745bf306-a4ac-492f-8660-a3110d33a096]Error response from daemon: No such container: cmssw-19985
[MFLOG|0|2022-10-21T22:20:00.742502Z|runtime|567d5b13-2691-4814-a92c-5375bcb698e8]
